This is pdfTeX, Version 3.1415926-2.4-1.40.13 (MiKTeX 2.9 64-bit) (preloaded format=pdflatex 2013.5.31)  12 DEC 2013 03:15
entering extended mode
**tesis_Erik.tex
(C:\Users\Gatito\Desktop\GoogleSVN\tesis_Erik\tesis_Erik.tex
LaTeX2e <2011/06/27>
Babel <v3.8m> and hyphenation patterns for english, afrikaans, ancientgreek, ar
abic, armenian, assamese, basque, bengali, bokmal, bulgarian, catalan, coptic, 
croatian, czech, danish, dutch, esperanto, estonian, farsi, finnish, french, ga
lician, german, greek, gujarati, hindi, hungarian, icelandic, indonesian, inter
lingua, irish, italian, kannada, kurmanji, latin, latvian, lithuanian, malayala
m, marathi, mongolian, mongolianlmc, monogreek, ngerman, nynorsk, oriya, panjab
i, pinyin, polish, portuguese, romanian, russian, sanskrit, serbian, slovak, sl
ovenian, spanish, swedish, swissgerman, tamil, telugu, turkish, turkmen, ukengl
ish, ukrainian, uppersorbian, usenglishmax, welsh, loaded.
("C:\Program Files\MiKTeX 2.9\tex\latex\base\book.cls"
Document Class: book 2007/10/19 v1.4h Standard LaTeX document class
("C:\Program Files\MiKTeX 2.9\tex\latex\base\bk12.clo"
File: bk12.clo 2007/10/19 v1.4h Standard LaTeX file (size option)
)
\c@part=\count79
\c@chapter=\count80
\c@section=\count81
\c@subsection=\count82
\c@subsubsection=\count83
\c@paragraph=\count84
\c@subparagraph=\count85
\c@figure=\count86
\c@table=\count87
\abovecaptionskip=\skip41
\belowcaptionskip=\skip42
\bibindent=\dimen102
)
("C:\Program Files\MiKTeX 2.9\tex\latex\titlesec\titlesec.sty"
Package: titlesec 2011/12/15 v2.10.0 Sectioning titles
\ttl@box=\box26
\beforetitleunit=\skip43
\aftertitleunit=\skip44
\ttl@plus=\dimen103
\ttl@minus=\dimen104
\ttl@toksa=\toks14
\titlewidth=\dimen105
\titlewidthlast=\dimen106
\titlewidthfirst=\dimen107
)
("C:\Program Files\MiKTeX 2.9\tex\latex\anysize\anysize.sty"
Package: anysize 1994/08/13 setting margin sizes

document style option `anysize' loaded
Michael Salzenberg, Thomas Esser, Dirk Hillbrecht
Version 1.0, Aug 13, 1994
\@Leftmargin=\dimen108
\@Rightmargin=\dimen109
\@Topmargin=\dimen110
\@Bottommargin=\dimen111
) ("C:\Program Files\MiKTeX 2.9\tex\latex\graphics\graphicx.sty"
Package: graphicx 1999/02/16 v1.0f Enhanced LaTeX Graphics (DPC,SPQR)

("C:\Program Files\MiKTeX 2.9\tex\latex\graphics\keyval.sty"
Package: keyval 1999/03/16 v1.13 key=value parser (DPC)
\KV@toks@=\toks15
)
("C:\Program Files\MiKTeX 2.9\tex\latex\graphics\graphics.sty"
Package: graphics 2009/02/05 v1.0o Standard LaTeX Graphics (DPC,SPQR)

("C:\Program Files\MiKTeX 2.9\tex\latex\graphics\trig.sty"
Package: trig 1999/03/16 v1.09 sin cos tan (DPC)
)
("C:\Program Files\MiKTeX 2.9\tex\latex\00miktex\graphics.cfg"
File: graphics.cfg 2007/01/18 v1.5 graphics configuration of teTeX/TeXLive
)
Package graphics Info: Driver file: pdftex.def on input line 91.

("C:\Program Files\MiKTeX 2.9\tex\latex\pdftex-def\pdftex.def"
File: pdftex.def 2011/05/27 v0.06d Graphics/color for pdfTeX

("C:\Program Files\MiKTeX 2.9\tex\generic\oberdiek\infwarerr.sty"
Package: infwarerr 2010/04/08 v1.3 Providing info/warning/error messages (HO)
)
("C:\Program Files\MiKTeX 2.9\tex\generic\oberdiek\ltxcmds.sty"
Package: ltxcmds 2011/11/09 v1.22 LaTeX kernel commands for general use (HO)
)
\Gread@gobject=\count88
))
\Gin@req@height=\dimen112
\Gin@req@width=\dimen113
)
("C:\Program Files\MiKTeX 2.9\tex\latex\tocbibind\tocbibind.sty"
Package: tocbibind 2010/10/13 v1.5k extra ToC listings
Package tocbibind Info: The document has chapter divisions on input line 50.


Package tocbibind Note: Using chapter style headings, unless overridden.

) ("C:\Program Files\MiKTeX 2.9\tex\latex\float\float.sty"
Package: float 2001/11/08 v1.3d Float enhancements (AL)
\c@float@type=\count89
\float@exts=\toks16
\float@box=\box27
\@float@everytoks=\toks17
\@floatcapt=\box28
)
("C:\Program Files\MiKTeX 2.9\tex\latex\fancyhdr\fancyhdr.sty"
\fancy@headwidth=\skip45
\f@ncyO@elh=\skip46
\f@ncyO@erh=\skip47
\f@ncyO@olh=\skip48
\f@ncyO@orh=\skip49
\f@ncyO@elf=\skip50
\f@ncyO@erf=\skip51
\f@ncyO@olf=\skip52
\f@ncyO@orf=\skip53
)
("C:\Program Files\MiKTeX 2.9\tex\latex\graphics\color.sty"
Package: color 2005/11/14 v1.0j Standard LaTeX Color (DPC)

("C:\Program Files\MiKTeX 2.9\tex\latex\00miktex\color.cfg"
File: color.cfg 2007/01/18 v1.5 color configuration of teTeX/TeXLive
)
Package color Info: Driver file: pdftex.def on input line 130.
)
("C:\Program Files\MiKTeX 2.9\tex\latex\soul\soul.sty"
Package: soul 2003/11/17 v2.4 letterspacing/underlining (mf)
\SOUL@word=\toks18
\SOUL@lasttoken=\toks19
\SOUL@cmds=\toks20
\SOUL@buffer=\toks21
\SOUL@token=\toks22
\SOUL@spaceskip=\skip54
\SOUL@ttwidth=\dimen114
\SOUL@uldp=\dimen115
\SOUL@ulht=\dimen116
)
("C:\Program Files\MiKTeX 2.9\tex\latex\algorithm2e\algorithm2e.sty"
Package: algorithm2e 2013/01/06 v5.00 algorithms environments
\c@AlgoLine=\count90

("C:\Program Files\MiKTeX 2.9\tex\latex\base\ifthen.sty"
Package: ifthen 2001/05/26 v1.1c Standard LaTeX ifthen package (DPC)
)
("C:\Program Files\MiKTeX 2.9\tex\latex\tools\xspace.sty"
Package: xspace 2009/10/20 v1.13 Space after command names (DPC,MH)
)
("C:\Program Files\MiKTeX 2.9\tex\latex\ltxmisc\relsize.sty"
Package: relsize 2003/07/04 ver 3.1
)
********************************************************
Package `algorithm2e' Release 5.0 -- january 06 2013 --
- algorithm2e-announce@lirmm.fr mailing list for announcement about releases
- algorithm2e-discussion@lirmm.fr mailing list for discussion about package
subscribe by emailing sympa@lirmm.fr with 'subscribe <list> <firstname name>'
- Author: Christophe Fiorio (cfiorio@um2.fr)
********************************************************
\skiptotal=\skip55
\skiplinenumber=\skip56
\skiprule=\skip57
\skiphlne=\skip58
\skiptext=\skip59
\skiplength=\skip60
\algomargin=\skip61
\skipalgocfslide=\skip62
\algowidth=\dimen117
\inoutsize=\dimen118
\inoutindent=\dimen119
\interspacetitleruled=\dimen120
\interspacealgoruled=\dimen121
\interspacetitleboxruled=\dimen122
\algocf@inoutbox=\box29
\algocf@inputbox=\box30
\AlCapSkip=\skip63
\AlCapHSkip=\skip64
\algoskipindent=\skip65
\algocf@nlbox=\box31
\algocf@hangingbox=\box32
\algocf@untilbox=\box33
\algocf@skipuntil=\skip66
\algocf@capbox=\box34
\algoheightruledefault=\skip67
\algoheightrule=\skip68
\algotitleheightruledefault=\skip69
\algotitleheightrule=\skip70
\c@algocfline=\count91
\c@algocfproc=\count92
\c@algocf=\count93
\algocf@algoframe=\box35
\algocf@algobox=\box36
) ("C:\Program Files\MiKTeX 2.9\tex\latex\amsfonts\amsfonts.sty"
Package: amsfonts 2013/01/14 v3.01 Basic AMSFonts support
\@emptytoks=\toks23
\symAMSa=\mathgroup4
\symAMSb=\mathgroup5
LaTeX Font Info:    Overwriting math alphabet `\mathfrak' in version `bold'
(Font)                  U/euf/m/n --> U/euf/b/n on input line 106.
)
("C:\Program Files\MiKTeX 2.9\tex\latex\url\url.sty"
\Urlmuskip=\muskip10
Package: url 2006/04/12  ver 3.3  Verb mode for urls, etc.
)
("C:\Program Files\MiKTeX 2.9\tex\generic\babel\babel.sty"
Package: babel 2008/07/08 v3.8m The Babel package

*************************************
* Local config file bblopts.cfg used
*
("C:\Program Files\MiKTeX 2.9\tex\latex\00miktex\bblopts.cfg"
File: bblopts.cfg 2006/07/31 v1.0 MiKTeX 'babel' configuration
)
("C:\Program Files\MiKTeX 2.9\tex\generic\babel\spanish.ldf"
Language: spanish.ldf 2009/01/02 v5.0h Spanish support from the babel system

("C:\Program Files\MiKTeX 2.9\tex\generic\babel\babel.def"
File: babel.def 2008/07/08 v3.8m Babel common definitions
\babel@savecnt=\count94
\U@D=\dimen123
)
\es@datefmt=\count95
\es@quottoks=\toks24
\es@quotdepth=\count96
Package babel Info: Making " an active character on input line 492.
Package babel Info: Making . an active character on input line 585.
Package babel Info: Making < an active character on input line 630.
Package babel Info: Making > an active character on input line 630.
))
("C:\Program Files\MiKTeX 2.9\tex\latex\base\inputenc.sty"
Package: inputenc 2008/03/30 v1.1d Input encoding file
\inpenc@prehook=\toks25
\inpenc@posthook=\toks26

("C:\Program Files\MiKTeX 2.9\tex\latex\base\latin1.def"
File: latin1.def 2008/03/30 v1.1d Input encoding file
))
("C:\Program Files\MiKTeX 2.9\tex\latex\base\fontenc.sty"
Package: fontenc 2005/09/27 v1.99g Standard LaTeX package

("C:\Program Files\MiKTeX 2.9\tex\latex\base\t1enc.def"
File: t1enc.def 2005/09/27 v1.99g Standard LaTeX file
LaTeX Font Info:    Redeclaring font encoding T1 on input line 43.
))
("C:\Program Files\MiKTeX 2.9\tex\latex\cite\cite.sty"
LaTeX Info: Redefining \cite on input line 302.
LaTeX Info: Redefining \nocite on input line 373.
Package: cite 2010/09/10  v 5.3
)
("C:\Program Files\MiKTeX 2.9\tex\latex\base\alltt.sty"
Package: alltt 1997/06/16 v2.0g defines alltt environment
)
("C:\Program Files\MiKTeX 2.9\tex\latex\tools\array.sty"
Package: array 2008/09/09 v2.4c Tabular extension package (FMi)
\col@sep=\dimen124
\extrarowheight=\dimen125
\NC@list=\toks27
\extratabsurround=\skip71
\backup@length=\skip72
)
("C:\Program Files\MiKTeX 2.9\tex\latex\multirow\multirow.sty"
\bigstrutjot=\dimen126
)
("C:\Program Files\MiKTeX 2.9\tex\latex\mdwtools\mdwmath.sty"
Package: mdwmath 1996/04/11 1.1 Nice mathematical things
\sq@sqrt=\count97
LaTeX Info: Redefining \sqrt on input line 84.
)
("C:\Program Files\MiKTeX 2.9\tex\latex\tools\verbatim.sty"
Package: verbatim 2003/08/22 v1.5q LaTeX2e package for verbatim enhancements
\every@verbatim=\toks28
\verbatim@line=\toks29
\verbatim@in@stream=\read1
)
("C:\Program Files\MiKTeX 2.9\tex\latex\ms\ragged2e.sty"
Package: ragged2e 2009/05/21 v2.1 ragged2e Package (MS)

("C:\Program Files\MiKTeX 2.9\tex\latex\ms\everysel.sty"
Package: everysel 2011/10/28 v1.2 EverySelectfont Package (MS)
)
\CenteringLeftskip=\skip73
\RaggedLeftLeftskip=\skip74
\RaggedRightLeftskip=\skip75
\CenteringRightskip=\skip76
\RaggedLeftRightskip=\skip77
\RaggedRightRightskip=\skip78
\CenteringParfillskip=\skip79
\RaggedLeftParfillskip=\skip80
\RaggedRightParfillskip=\skip81
\JustifyingParfillskip=\skip82
\CenteringParindent=\skip83
\RaggedLeftParindent=\skip84
\RaggedRightParindent=\skip85
\JustifyingParindent=\skip86
)
("C:\Program Files\MiKTeX 2.9\tex\latex\appendix\appendix.sty"
Package: appendix 2009/09/02 v1.2b extra appendix facilities
\c@@pps=\count98
\c@@ppsavesec=\count99
\c@@ppsaveapp=\count100
)
("C:\Program Files\MiKTeX 2.9\tex\latex\acronym\acronym.sty"
Package: acronym 2012/10/29 v1.38 Support for acronyms (Tobias Oetiker)

("C:\Program Files\MiKTeX 2.9\tex\latex\bigfoot\suffix.sty"
Package: suffix 2006/07/15 1.5 Variant command support
)
("C:\Program Files\MiKTeX 2.9\tex\latex\xstring\xstring.sty"
("C:\Program Files\MiKTeX 2.9\tex\generic\xstring\xstring.tex"
\@xs@message=\write3
\integerpart=\count101
\decimalpart=\count102
)
Package: xstring 2013/2/28  v1.7a  String manipulations (C Tellechea)
)
\AC@clearlist=\toks30
)
("C:\Program Files\MiKTeX 2.9\tex\latex\threeparttable\threeparttable.sty"
Package: threeparttable 2003/06/13  v 3.0
\@tempboxb=\box37
)
("C:\Program Files\MiKTeX 2.9\tex\latex\subfigure\subfigure.sty"
Package: subfigure 2002/07/30 v2.1.4 subfigure package
\subfigtopskip=\skip87
\subfigcapskip=\skip88
\subfigcaptopadj=\dimen127
\subfigbottomskip=\skip89
\subfigcapmargin=\dimen128
\subfiglabelskip=\skip90
\c@subfigure=\count103
\c@lofdepth=\count104
\c@subtable=\count105
\c@lotdepth=\count106

****************************************
* Local config file subfigure.cfg used *
****************************************
("C:\Program Files\MiKTeX 2.9\tex\latex\subfigure\subfigure.cfg")
\subfig@top=\skip91
\subfig@bottom=\skip92
)
("C:\Program Files\MiKTeX 2.9\tex\latex\tools\longtable.sty"
Package: longtable 2004/02/01 v4.11 Multi-page Table package (DPC)
\LTleft=\skip93
\LTright=\skip94
\LTpre=\skip95
\LTpost=\skip96
\LTchunksize=\count107
\LTcapwidth=\dimen129
\LT@head=\box38
\LT@firsthead=\box39
\LT@foot=\box40
\LT@lastfoot=\box41
\LT@cols=\count108
\LT@rows=\count109
\c@LT@tables=\count110
\c@LT@chunks=\count111
\LT@p@ftn=\toks31
)
("C:\Program Files\MiKTeX 2.9\tex\latex\booktabs\booktabs.sty"
Package: booktabs 2005/04/14 v1.61803 publication quality tables
\heavyrulewidth=\dimen130
\lightrulewidth=\dimen131
\cmidrulewidth=\dimen132
\belowrulesep=\dimen133
\belowbottomsep=\dimen134
\aboverulesep=\dimen135
\abovetopsep=\dimen136
\cmidrulesep=\dimen137
\cmidrulekern=\dimen138
\defaultaddspace=\dimen139
\@cmidla=\count112
\@cmidlb=\count113
\@aboverulesep=\dimen140
\@belowrulesep=\dimen141
\@thisruleclass=\count114
\@lastruleclass=\count115
\@thisrulewidth=\dimen142
)
("C:\Program Files\MiKTeX 2.9\tex\latex\algorithms\algorithmic.sty"
Package: algorithmic 2009/08/24 v0.1 Document Style `algorithmic'
\c@ALC@unique=\count116
\c@ALC@line=\count117
\c@ALC@rem=\count118
\c@ALC@depth=\count119
\ALC@tlm=\skip97
\algorithmicindent=\skip98
)
("C:\Program Files\MiKTeX 2.9\tex\latex\Tabbing\Tabbing.sty"
Package: Tabbing 1997/12/18 v1.0 Tabbing environment (JPFD)
)
("C:\Program Files\MiKTeX 2.9\tex\latex\rotating\rotating.sty"
Package: rotating 2009/03/28 v2.16a rotated objects in LaTeX
\c@r@tfl@t=\count120
\rotFPtop=\skip99
\rotFPbot=\skip100
\rot@float@box=\box42
\rot@mess@toks=\toks32
)
Package color Info: Redefining color black on input line 35.

(C:\Users\Gatito\Desktop\GoogleSVN\tesis_Erik\tesis_Erik.aux)
LaTeX Font Info:    Checking defaults for OML/cmm/m/it on input line 69.
LaTeX Font Info:    ... okay on input line 69.
LaTeX Font Info:    Checking defaults for T1/cmr/m/n on input line 69.
LaTeX Font Info:    ... okay on input line 69.
LaTeX Font Info:    Checking defaults for OT1/cmr/m/n on input line 69.
LaTeX Font Info:    ... okay on input line 69.
LaTeX Font Info:    Checking defaults for OMS/cmsy/m/n on input line 69.
LaTeX Font Info:    ... okay on input line 69.
LaTeX Font Info:    Checking defaults for OMX/cmex/m/n on input line 69.
LaTeX Font Info:    ... okay on input line 69.
LaTeX Font Info:    Checking defaults for U/cmr/m/n on input line 69.
LaTeX Font Info:    ... okay on input line 69.

("C:\Program Files\MiKTeX 2.9\tex\context\base\supp-pdf.mkii"
[Loading MPS to PDF converter (version 2006.09.02).]
\scratchcounter=\count121
\scratchdimen=\dimen143
\scratchbox=\box43
\nofMPsegments=\count122
\nofMParguments=\count123
\everyMPshowfont=\toks33
\MPscratchCnt=\count124
\MPscratchDim=\dimen144
\MPnumerator=\count125
\makeMPintoPDFobject=\count126
\everyMPtoPDFconversion=\toks34
) ABD: EverySelectfont initializing macros
LaTeX Info: Redefining \selectfont on input line 69.

(C:\Users\Gatito\Desktop\GoogleSVN\tesis_Erik\caratula.tex
<uam.pdf, id=1, 1471.4975pt x 399.4925pt>
File: uam.pdf Graphic file (type pdf)
 <use uam.pdf>
Package pdftex.def Info: uam.pdf used on input line 5.
(pdftex.def)             Requested size: 283.22162pt x 76.89186pt.
 [1


{C:/ProgramData/MiKTeX/2.9/pdftex/config/pdftex.map} <C:/Users/Gatito/Desktop/G
oogleSVN/tesis_Erik/uam.pdf>]) [2] (C:\Users\Gatito\Desktop\GoogleSVN\tesis_Eri
k\resumen.tex
[3

] [4] [5]) (C:\Users\Gatito\Desktop\GoogleSVN\tesis_Erik\agradecimientos.tex
[6]) [7

] [8

] (C:\Users\Gatito\Desktop\GoogleSVN\tesis_Erik\tesis_Erik.toc
LaTeX Font Info:    Try loading font information for U+msa on input line 7.

("C:\Program Files\MiKTeX 2.9\tex\latex\amsfonts\umsa.fd"
File: umsa.fd 2013/01/14 v3.01 AMS symbols A
)
LaTeX Font Info:    Try loading font information for U+msb on input line 7.

("C:\Program Files\MiKTeX 2.9\tex\latex\amsfonts\umsb.fd"
File: umsb.fd 2013/01/14 v3.01 AMS symbols B
) [9])
\tf@toc=\write4
 [10]
(C:\Users\Gatito\Desktop\GoogleSVN\tesis_Erik\tesis_Erik.lot [11

])
\tf@lot=\write5
 [12]
(C:\Users\Gatito\Desktop\GoogleSVN\tesis_Erik\tesis_Erik.lof [13

] [14])
\tf@lof=\write6

(C:\Users\Gatito\Desktop\GoogleSVN\tesis_Erik\acronimos.tex [15] [16

]
Underfull \vbox (badness 10000) has occurred while \output is active []

 [17])
[18] (C:\Users\Gatito\Desktop\GoogleSVN\tesis_Erik\introduccion.tex
Cap\'{\i }tulo 1.
[1


]
Underfull \hbox (badness 10000) in paragraph at lines 23--24

 []


Underfull \vbox (badness 7722) has occurred while \output is active []

 [2]
LaTeX Font Info:    Try loading font information for T1+cmtt on input line 25.

("C:\Program Files\MiKTeX 2.9\tex\latex\base\t1cmtt.fd"
File: t1cmtt.fd 1999/05/25 v2.5h Standard LaTeX font definitions
)
Underfull \hbox (badness 10000) in paragraph at lines 25--25
[][]\T1/cmr/m/n/10 L. Fei-gen-baum, Se-man-tic Web vs. Se-man-tic Tech-no-lo-g
ies, Dis-po-ni-ble en: $\T1/cmtt/m/n/10 http : / / www .$
 []

[3]
Underfull \hbox (badness 10000) in paragraph at lines 35--36

 []

[4]) (C:\Users\Gatito\Desktop\GoogleSVN\tesis_Erik\problematica.tex [5]
[6

]
Cap\'{\i }tulo 2.

Underfull \vbox (badness 1769) has occurred while \output is active []

 [7]
[8] [9]
Underfull \hbox (badness 10000) in paragraph at lines 64--65

 []

[10] [11] [12] <CasosUso.pdf, id=119, 367.3725pt x 225.84375pt>
File: CasosUso.pdf Graphic file (type pdf)

<use CasosUso.pdf>
Package pdftex.def Info: CasosUso.pdf used on input line 113.
(pdftex.def)             Requested size: 306.81741pt x 188.62881pt.
 [13 <C:/Users/Gatito/Desktop/GoogleSVN/tesis_Erik/CasosUso.pdf>]
Underfull \vbox (badness 10000) has occurred while \output is active []

 [14])
(C:\Users\Gatito\Desktop\GoogleSVN\tesis_Erik\semanticas.tex [15] [16

]
Cap\'{\i }tulo 3.

Underfull \hbox (badness 10000) in paragraph at lines 8--8
[][]\T1/cmr/m/n/10 L. Fei-gen-baum, ``Se-man-tic Web vs. Se-man-tic Tech-no-lo-
gies,'' Dis-po-ni-ble en: $\T1/cmtt/m/n/10 http : / / www .$
 []


Underfull \hbox (badness 10000) in paragraph at lines 25--25
[][]\T1/cmr/m/n/10 W3C,``RDF 1.1 Con-cepts and Abs-tract Syn-tax,'' Dis-po-ni-b
le en: $\T1/cmtt/m/n/10 http : / / www . w3 . org / TR /$
 []

[17]
Overfull \hbox (5.69904pt too wide) in paragraph at lines 63--63
 []|\T1/cmr/bx/n/12 Metadato/Relación| 
 []

LaTeX Font Info:    Font shape `T1/cmtt/bx/it' in size <12> not available
(Font)              Font shape `T1/cmtt/m/it' tried instead on input line 79.
[18] <EjmpTripleta.pdf, id=144, 587.19376pt x 208.78pt>
File: EjmpTripleta.pdf Graphic file (type pdf)
 <use EjmpTripleta.pdf>
Package pdftex.def Info: EjmpTripleta.pdf used on input line 100.
(pdftex.def)             Requested size: 283.22162pt x 100.70065pt.

[19 <C:/Users/Gatito/Desktop/GoogleSVN/tesis_Erik/EjmpTripleta.pdf>]
<GrafoRDF.pdf, id=160, 861.2175pt x 581.17125pt>
File: GrafoRDF.pdf Graphic file (type pdf)
 <use GrafoRDF.pdf>
Package pdftex.def Info: GrafoRDF.pdf used on input line 132.
(pdftex.def)             Requested size: 377.62642pt x 254.83821pt.
 [20 <C:/Users/Gatito/Desktop/GoogleSVN/tesis_Erik/GrafoRDF.pdf>]
<FormaSPARQL.pdf, id=175, 402.50375pt x 221.82875pt>
File: FormaSPARQL.pdf Graphic file (type pdf)
 <use FormaSPARQL.pdf>
Package pdftex.def Info: FormaSPARQL.pdf used on input line 164.
(pdftex.def)             Requested size: 283.22162pt x 156.08801pt.

[21 <C:/Users/Gatito/Desktop/GoogleSVN/tesis_Erik/FormaSPARQL.pdf>]
LaTeX Font Info:    Try loading font information for OMS+cmr on input line 195.


("C:\Program Files\MiKTeX 2.9\tex\latex\base\omscmr.fd"
File: omscmr.fd 1999/05/25 v2.5h Standard LaTeX font definitions
)
LaTeX Font Info:    Font shape `OMS/cmr/m/n' in size <12> not available
(Font)              Font shape `OMS/cmsy/m/n' tried instead on input line 195.
 [22] [23] [24]
Underfull \hbox (badness 1946) in paragraph at lines 236--236
[][]\T1/cmr/m/n/10 W3C,``OWL 2 Web On-to-logy Lan-gua-ge Pri-mer,'' Dis-po-ni-b
le en: $\T1/cmtt/m/n/10 http : / / www . w3 . org / TR / 2012 /$
 []

<CombAxiom.pdf, id=199, 592.2125pt x 75.28125pt>
File: CombAxiom.pdf Graphic file (type pdf)
 <use CombAxiom.pdf>
Package pdftex.def Info: CombAxiom.pdf used on input line 240.
(pdftex.def)             Requested size: 377.62642pt x 48.00522pt.
 [25 <C:/Users/Gatito/Desktop/GoogleSVN/tesis_Erik/CombAxiom.pdf>]
Underfull \hbox (badness 10000) in paragraph at lines 276--277

 []

[26]
Overfull \hbox (7.94305pt too wide) in paragraph at lines 292--293
\T1/cmr/m/n/12 Es-tos son los axio-mas pa-ra de-fi-nir ob-je-tos si-nó-ni-mos: 
\T1/cmr/m/it/12 cla-se equi-va-len-te (\T1/cmr/bx/it/12 owl:equivalentClass\T1/
cmr/m/it/12 )\T1/cmr/m/n/12 ,
 []

[27] <OntoexmpReaz.pdf, id=220, 1158.3275pt x 223.83624pt>
File: OntoexmpReaz.pdf Graphic file (type pdf)

<use OntoexmpReaz.pdf>
Package pdftex.def Info: OntoexmpReaz.pdf used on input line 328.
(pdftex.def)             Requested size: 472.0187pt x 105.27818pt.
 <SparqlExmpReaz.pdf, id=221, 401.5pt x 145.54375pt>
File: SparqlExmpReaz.pdf Graphic file (type pdf)

<use SparqlExmpReaz.pdf>
Package pdftex.def Info: SparqlExmpReaz.pdf used on input line 337.
(pdftex.def)             Requested size: 283.22162pt x 102.67497pt.

<TripletasInferidas.pdf, id=222, 1163.34625pt x 336.25626pt>
File: TripletasInferidas.pdf Graphic file (type pdf)

<use TripletasInferidas.pdf>
Package pdftex.def Info: TripletasInferidas.pdf used on input line 348.
(pdftex.def)             Requested size: 472.04022pt x 142.26309pt.
 [28])
(C:\Users\Gatito\Desktop\GoogleSVN\tesis_Erik\estadoNew.tex [29 <C:/Users/Gatit
o/Desktop/GoogleSVN/tesis_Erik/OntoexmpReaz.pdf> <C:/Users/Gatito/Desktop/Googl
eSVN/tesis_Erik/SparqlExmpReaz.pdf

pdfTeX warning: pdflatex (file C:/Users/Gatito/Desktop/GoogleSVN/tesis_Erik/Spa
rqlExmpReaz.pdf): PDF inclusion: multiple pdfs with page group included in a si
ngle page
> <C:/Users/Gatito/Desktop/GoogleSVN/tesis_Erik/TripletasInferidas.pdf

pdfTeX warning: pdflatex (file C:/Users/Gatito/Desktop/GoogleSVN/tesis_Erik/Tri
pletasInferidas.pdf): PDF inclusion: multiple pdfs with page group included in 
a single page
>] [30

]
Cap\'{\i }tulo 4.
[31] [32] [33] [34] [35]
Underfull \hbox (badness 10000) in paragraph at lines 114--115

 []

[36]
Underfull \hbox (badness 10000) in paragraph at lines 125--127

 []

[37]
Overfull \hbox (2.90411pt too wide) in paragraph at lines 158--158
 []|\T1/cmr/bx/n/12 ByRI[]| 
 []


Overfull \hbox (4.67448pt too wide) in paragraph at lines 158--158
 []|\T1/cmr/bx/n/12 MBeI[]| 
 []


Overfull \hbox (12.28856pt too wide) in paragraph at lines 168--168
 []|\T1/cmr/m/n/12 Mantenimiento 
 []


LaTeX Warning: Float too large for page by 19.70895pt on input line 190.

[38] [39]
Underfull \hbox (badness 2142) in paragraph at lines 217--217
[][]\T1/cmr/m/n/10 The Apa-che Soft-wa-re Foun-da-tion, ``OWL co-ve-ra-ge,'' Di
s-po-ni-ble en: $\T1/cmtt/m/n/10 http : / / jena . apache . org /$
 []

) (C:\Users\Gatito\Desktop\GoogleSVN\tesis_Erik\sir.tex [40]
Cap\'{\i }tulo 5.
[41

] <Arquitectura.pdf, id=310, 561.09625pt x 582.175pt>
File: Arquitectura.pdf Graphic file (type pdf)

<use Arquitectura.pdf>
Package pdftex.def Info: Arquitectura.pdf used on input line 34.
(pdftex.def)             Requested size: 236.01561pt x 244.87605pt.
 [42]

Package Fancyhdr Warning: \headheight is too small (18.0pt): 
 Make it at least 27.13135pt.
 We now make it that large for the rest of the document.
 This may cause the page layout to be inconsistent, however.

[43 <C:/Users/Gatito/Desktop/GoogleSVN/tesis_Erik/Arquitectura.pdf>]
<OntologiasDiagrama.pdf, id=344, 457.71pt x 449.68pt>
File: OntologiasDiagrama.pdf Graphic file (type pdf)

<use OntologiasDiagrama.pdf>
Package pdftex.def Info: OntologiasDiagrama.pdf used on input line 63.
(pdftex.def)             Requested size: 212.41261pt x 208.68733pt.
 [44 <C:/Users/Gatito/Desktop/GoogleSVN/tesis_Erik/OntologiasDiagrama.pdf>] <Ca
sosUsoMC.pdf, id=359, 764.8575pt x 571.13374pt>
File: CasosUsoMC.pdf Graphic file (type pdf)

<use CasosUsoMC.pdf>
Package pdftex.def Info: CasosUsoMC.pdf used on input line 82.
(pdftex.def)             Requested size: 330.42041pt x 246.73308pt.
 <CasoUsoCartComp.pdf, id=360, 733.74126pt x 460.72125pt>
File: CasoUsoCartComp.pdf Graphic file (type pdf)

<use CasoUsoCartComp.pdf>
Package pdftex.def Info: CasoUsoCartComp.pdf used on input line 96.
(pdftex.def)             Requested size: 733.73947pt x 460.72012pt.

<CasoUsoRecDig.pdf, id=361, 720.6925pt x 310.15875pt>
File: CasoUsoRecDig.pdf Graphic file (type pdf)
 <use CasoUsoRecDig.pdf>
Package pdftex.def Info: CasoUsoRecDig.pdf used on input line 104.
(pdftex.def)             Requested size: 720.69075pt x 310.15799pt.


LaTeX Warning: Float too large for page by 20.1391pt on input line 107.

[45 <C:/Users/Gatito/Desktop/GoogleSVN/tesis_Erik/CasosUsoMC.pdf>] [46 <C:/User
s/Gatito/Desktop/GoogleSVN/tesis_Erik/CasoUsoCartComp.pdf>] [47 <C:/Users/Gatit
o/Desktop/GoogleSVN/tesis_Erik/CasoUsoRecDig.pdf>] [48] [49]
<Person2RDF.pdf, id=538, 1013.7875pt x 457.71pt>
File: Person2RDF.pdf Graphic file (type pdf)
 <use Person2RDF.pdf>
Package pdftex.def Info: Person2RDF.pdf used on input line 257.
(pdftex.def)             Requested size: 472.02509pt x 238.49248pt.
 [50]

LaTeX Warning: Citation `Compentences' on page 51 undefined on input line 269.

<Vid2RDF.pdf, id=542, 992.70876pt x 347.2975pt>
File: Vid2RDF.pdf Graphic file (type pdf)
 <use Vid2RDF.pdf>
Package pdftex.def Info: Vid2RDF.pdf used on input line 278.
(pdftex.def)             Requested size: 472.02629pt x 195.13708pt.
 [51 <C:/Users/Gatito/Desktop/GoogleSVN/tesis_Erik/Person2RDF.pdf>] [52 <C:/Use
rs/Gatito/Desktop/GoogleSVN/tesis_Erik/Vid2RDF.pdf>]
<HerenClassCartComp.pdf, id=588, 421.575pt x 210.7875pt>
File: HerenClassCartComp.pdf Graphic file (type pdf)

<use HerenClassCartComp.pdf>
Package pdftex.def Info: HerenClassCartComp.pdf used on input line 314.
(pdftex.def)             Requested size: 330.42041pt x 165.21446pt.

<ExpInfsubClassPer.pdf, id=589, 530.98375pt x 294.09875pt>
File: ExpInfsubClassPer.pdf Graphic file (type pdf)

<use ExpInfsubClassPer.pdf>
Package pdftex.def Info: ExpInfsubClassPer.pdf used on input line 323.
(pdftex.def)             Requested size: 354.02342pt x 196.08928pt.
 [53]
<HerenClassRecDigi.pdf, id=593, 483.8075pt x 143.53625pt>
File: HerenClassRecDigi.pdf Graphic file (type pdf)

<use HerenClassRecDigi.pdf>
Package pdftex.def Info: HerenClassRecDigi.pdf used on input line 334.
(pdftex.def)             Requested size: 448.4451pt x 151.77097pt.
 [54 <C:/Users/Gatito/Desktop/GoogleSVN/tesis_Erik/HerenClassCartComp.pdf> <C:/
Users/Gatito/Desktop/GoogleSVN/tesis_Erik/ExpInfsubClassPer.pdf

pdfTeX warning: pdflatex (file C:/Users/Gatito/Desktop/GoogleSVN/tesis_Erik/Exp
InfsubClassPer.pdf): PDF inclusion: multiple pdfs with page group included in a
 single page
>] <ExpInfsubClassDigi.pdf, id=608, 520.94624pt x 305.14pt>
File: ExpInfsubClassDigi.pdf Graphic file (type pdf)

<use ExpInfsubClassDigi.pdf>
Package pdftex.def Info: ExpInfsubClassDigi.pdf used on input line 343.
(pdftex.def)             Requested size: 377.62642pt x 221.19055pt.
 [55 <C:/Users/Gatito/Desktop/GoogleSVN/tesis_Erik/HerenClassRecDigi.pdf> <C:/U
sers/Gatito/Desktop/GoogleSVN/tesis_Erik/ExpInfsubClassDigi.pdf

pdfTeX warning: pdflatex (file C:/Users/Gatito/Desktop/GoogleSVN/tesis_Erik/Exp
InfsubClassDigi.pdf): PDF inclusion: multiple pdfs with page group included in 
a single page
>] <HerPropLang.pdf, id=624, 336.25626pt x 114.4275pt>
File: HerPropLang.pdf Graphic file (type pdf)
 <use HerPropLang.pdf>
Package pdftex.def Info: HerPropLang.pdf used on input line 359.
(pdftex.def)             Requested size: 283.22162pt x 96.38034pt.

<HerPropLoW.pdf, id=625, 225.84375pt x 119.44624pt>
File: HerPropLoW.pdf Graphic file (type pdf)
 <use HerPropLoW.pdf>
Package pdftex.def Info: HerPropLoW.pdf used on input line 370.
(pdftex.def)             Requested size: 207.69489pt x 109.85359pt.

<HerPropKno.pdf, id=626, 233.87375pt x 117.43875pt>
File: HerPropKno.pdf Graphic file (type pdf)
 <use HerPropKno.pdf>
Package pdftex.def Info: HerPropKno.pdf used on input line 381.
(pdftex.def)             Requested size: 226.57297pt x 113.77924pt.

[56 <C:/Users/Gatito/Desktop/GoogleSVN/tesis_Erik/HerPropLang.pdf> <C:/Users/Ga
tito/Desktop/GoogleSVN/tesis_Erik/HerPropLoW.pdf

pdfTeX warning: pdflatex (file C:/Users/Gatito/Desktop/GoogleSVN/tesis_Erik/Her
PropLoW.pdf): PDF inclusion: multiple pdfs with page group included in a single
 page
>] <HerPropCompe.pdf, id=639, 233.87375pt x 117.43875pt>
File: HerPropCompe.pdf Graphic file (type pdf)

<use HerPropCompe.pdf>
Package pdftex.def Info: HerPropCompe.pdf used on input line 399.
(pdftex.def)             Requested size: 212.41261pt x 106.66692pt.
 [57 <C:/Users/Gatito/Desktop/GoogleSVN/tesis_Erik/HerPropKno.pdf> <C:/Users/Ga
tito/Desktop/GoogleSVN/tesis_Erik/HerPropCompe.pdf

pdfTeX warning: pdflatex (file C:/Users/Gatito/Desktop/GoogleSVN/tesis_Erik/Her
PropCompe.pdf): PDF inclusion: multiple pdfs with page group included in a sing
le page
>] <HerPropYr.pdf, id=652, 685.56125pt x 155.58125pt>
File: HerPropYr.pdf Graphic file (type pdf)
 <use HerPropYr.pdf>
Package pdftex.def Info: HerPropYr.pdf used on input line 410.
(pdftex.def)             Requested size: 462.5886pt x 104.98193pt.

<HerPropInst.pdf, id=653, 407.5225pt x 115.43124pt>
File: HerPropInst.pdf Graphic file (type pdf)
 <use HerPropInst.pdf>
Package pdftex.def Info: HerPropInst.pdf used on input line 421.
(pdftex.def)             Requested size: 330.42041pt x 93.59566pt.

[58 <C:/Users/Gatito/Desktop/GoogleSVN/tesis_Erik/HerPropYr.pdf> <C:/Users/Gati
to/Desktop/GoogleSVN/tesis_Erik/HerPropInst.pdf

pdfTeX warning: pdflatex (file C:/Users/Gatito/Desktop/GoogleSVN/tesis_Erik/Her
PropInst.pdf): PDF inclusion: multiple pdfs with page group included in a singl
e page
>] <exAxDyRPer.pdf, id=666, 348.30125pt x 136.51pt>
File: exAxDyRPer.pdf Graphic file (type pdf)
 <use exAxDyRPer.pdf>
Package pdftex.def Info: exAxDyRPer.pdf used on input line 532.
(pdftex.def)             Requested size: 236.01561pt x 92.5027pt.

<exTriplDyRPer.pdf, id=667, 480.79625pt x 229.85875pt>
File: exTriplDyRPer.pdf Graphic file (type pdf)
 <use exTriplDyRPer.pdf>
Package pdftex.def Info: exTriplDyRPer.pdf used on input line 541.
(pdftex.def)             Requested size: 377.62642pt x 180.5377pt.

<exInfDyRPer.pdf, id=668, 509.905pt x 408.52625pt>
File: exInfDyRPer.pdf Graphic file (type pdf)
 <use exInfDyRPer.pdf>
Package pdftex.def Info: exInfDyRPer.pdf used on input line 550.
(pdftex.def)             Requested size: 424.84717pt x 289.09569pt.

Underfull \vbox (badness 10000) has occurred while \output is active []

 [59 <C:/Users/Gatito/Desktop/GoogleSVN/tesis_Erik/exAxDyRPer.pdf>] [60] [61]
Overfull \vbox (6.36368pt too high) has occurred while \output is active []


[62 <C:/Users/Gatito/Desktop/GoogleSVN/tesis_Erik/exTriplDyRPer.pdf> <C:/Users/
Gatito/Desktop/GoogleSVN/tesis_Erik/exInfDyRPer.pdf

pdfTeX warning: pdflatex (file C:/Users/Gatito/Desktop/GoogleSVN/tesis_Erik/exI
nfDyRPer.pdf): PDF inclusion: multiple pdfs with page group included in a singl
e page
>] <unidirecc.pdf, id=698, 422.57875pt x 118.4425pt>
File: unidirecc.pdf Graphic file (type pdf)
 <use unidirecc.pdf>
Package pdftex.def Info: unidirecc.pdf used on input line 562.
(pdftex.def)             Requested size: 155.77116pt x 43.66037pt.

<bidirecc.pdf, id=699, 321.2pt x 80.3pt>
File: bidirecc.pdf Graphic file (type pdf)
 <use bidirecc.pdf>
Package pdftex.def Info: bidirecc.pdf used on input line 571.
(pdftex.def)             Requested size: 184.09189pt x 46.02386pt.

<axSymColl.pdf, id=700, 347.2975pt x 166.6225pt>
File: axSymColl.pdf Graphic file (type pdf)
 <use axSymColl.pdf>
Package pdftex.def Info: axSymColl.pdf used on input line 585.
(pdftex.def)             Requested size: 354.02342pt x 169.85608pt.
 [63 <C:/Users/Gatito/Desktop/GoogleSVN/tesis_Erik/unidirecc.pdf> <C:/Users/Gat
ito/Desktop/GoogleSVN/tesis_Erik/bidirecc.pdf

pdfTeX warning: pdflatex (file C:/Users/Gatito/Desktop/GoogleSVN/tesis_Erik/bid
irecc.pdf): PDF inclusion: multiple pdfs with page group included in a single p
age
>] <infSymColl.pdf, id=713, 644.4075pt x 232.87pt>
File: infSymColl.pdf Graphic file (type pdf)
 <use infSymColl.pdf>
Package pdftex.def Info: infSymColl.pdf used on input line 596.
(pdftex.def)             Requested size: 448.44698pt x 177.0683pt.

[64 <C:/Users/Gatito/Desktop/GoogleSVN/tesis_Erik/axSymColl.pdf> <C:/Users/Gati
to/Desktop/GoogleSVN/tesis_Erik/infSymColl.pdf

pdfTeX warning: pdflatex (file C:/Users/Gatito/Desktop/GoogleSVN/tesis_Erik/inf
SymColl.pdf): PDF inclusion: multiple pdfs with page group included in a single
 page
>] <triplKnows.pdf, id=726, 516.93124pt x 137.51375pt>
File: triplKnows.pdf Graphic file (type pdf)
 <use triplKnows.pdf>
Package pdftex.def Info: triplKnows.pdf used on input line 610.
(pdftex.def)             Requested size: 377.64063pt x 108.40805pt.

<InfKnows.pdf, id=727, 601.24625pt x 155.58125pt>
File: InfKnows.pdf Graphic file (type pdf)
 <use InfKnows.pdf>
Package pdftex.def Info: InfKnows.pdf used on input line 619.
(pdftex.def)             Requested size: 424.84195pt x 122.86035pt.
 [65 <C:/Users/Gatito/Desktop/GoogleSVN/tesis_Erik/triplKnows.pdf> <C:/Users/Ga
tito/Desktop/GoogleSVN/tesis_Erik/InfKnows.pdf

pdfTeX warning: pdflatex (file C:/Users/Gatito/Desktop/GoogleSVN/tesis_Erik/Inf
Knows.pdf): PDF inclusion: multiple pdfs with page group included in a single p
age
>] [66] [67] [68] <q112rql.pdf, id=750, 818.05624pt x 372.39125pt>
File: q112rql.pdf Graphic file (type pdf)

<use q112rql.pdf>
Package pdftex.def Info: q112rql.pdf used on input line 714.
(pdftex.def)             Requested size: 424.82523pt x 193.38885pt.

Overfull \hbox (52.02544pt too wide) in paragraph at lines 726--727
[]\T1/cmr/m/n/12 Propiedades: \T1/cmr/m/it/12 tie-ne nom-bre (sirp:has-name)\T1
/cmr/m/n/12 , \T1/cmr/m/it/12 tie-ne co-le-ga (sirp:has-colleague) tie-ne aseso
r(sirp:has-
 []

[69 <C:/Users/Gatito/Desktop/GoogleSVN/tesis_Erik/q112rql.pdf>]
<q2rqlSR.pdf, id=765, 930.47626pt x 431.6125pt>
File: q2rqlSR.pdf Graphic file (type pdf)
 <use q2rqlSR.pdf>
Package pdftex.def Info: q2rqlSR.pdf used on input line 735.
(pdftex.def)             Requested size: 424.82523pt x 197.05574pt.

<q2rqlCR.pdf, id=766, 819.06pt x 343.2825pt>
File: q2rqlCR.pdf Graphic file (type pdf)
 <use q2rqlCR.pdf>
Package pdftex.def Info: q2rqlCR.pdf used on input line 744.
(pdftex.def)             Requested size: 377.62642pt x 158.27328pt.

<q2torqlSR.pdf, id=767, 885.3075pt x 482.80376pt>
File: q2torqlSR.pdf Graphic file (type pdf)
 <use q2torqlSR.pdf>
Package pdftex.def Info: q2torqlSR.pdf used on input line 755.
(pdftex.def)             Requested size: 377.62642pt x 205.944pt.
 [70 <C:/Users/Gatito/Desktop/GoogleSVN/tesis_Erik/q2rqlSR.pdf>] [71 <C:/Users/
Gatito/Desktop/GoogleSVN/tesis_Erik/q2rqlCR.pdf> <C:/Users/Gatito/Desktop/Googl
eSVN/tesis_Erik/q2torqlSR.pdf

pdfTeX warning: pdflatex (file C:/Users/Gatito/Desktop/GoogleSVN/tesis_Erik/q2t
orqlSR.pdf): PDF inclusion: multiple pdfs with page group included in a single 
page
>] <q2torqlCR.pdf, id=806, 878.28125pt x 353.32pt>
File: q2torqlCR.pdf Graphic file (type pdf)
 <use q2torqlCR.pdf>
Package pdftex.def Info: q2torqlCR.pdf used on input line 776.
(pdftex.def)             Requested size: 424.82523pt x 170.90173pt.
 [72 <C:/Users/Gatito/Desktop/GoogleSVN/tesis_Erik/q2torqlCR.pdf>]
<exMBS.pdf, id=821, 870.25125pt x 621.32124pt>
File: exMBS.pdf Graphic file (type pdf)
 <use exMBS.pdf>
Package pdftex.def Info: exMBS.pdf used on input line 787.
(pdftex.def)             Requested size: 424.82523pt x 303.31241pt.
 [73 <C:/Users/Gatito/Desktop/GoogleSVN/tesis_Erik/exMBS.pdf>]
<grafoSR.pdf, id=850, 721.69624pt x 393.47pt>
File: grafoSR.pdf Graphic file (type pdf)
 <use grafoSR.pdf>
Package pdftex.def Info: grafoSR.pdf used on input line 798.
(pdftex.def)             Requested size: 721.69449pt x 393.46902pt.


LaTeX Warning: Float too large for page by 13.7683pt on input line 801.


Overfull \hbox (2.16399pt too wide) in paragraph at lines 807--808
[]\T1/cmr/m/n/12 Los re-cur-sos \T1/cmr/m/it/12 te-sis 02 (sird:tesis02-doc)\T1
/cmr/m/n/12 , \T1/cmr/m/it/12 te-sis 03 (sird:tesis03-odp) \T1/cmr/m/n/12 y \T1
/cmr/m/it/12 te-sis 05 (sird:tesis05-
 []


Overfull \hbox (8.89578pt too wide) in paragraph at lines 810--811
[]\T1/cmr/m/n/12 El re-cur-so \T1/cmr/m/it/12 li-bro 02 (sird:book02-doc) \T1/c
mr/m/n/12 es un re-cur-so que per-te-ne-ce a la cla-se \T1/cmr/m/it/12 li-bro (
sird:Book)
 []

<consultaGrafo.pdf, id=851, 685.56125pt x 338.26375pt>
File: consultaGrafo.pdf Graphic file (type pdf)
 <use consultaGrafo.pdf>
Package pdftex.def Info: consultaGrafo.pdf used on input line 822.
(pdftex.def)             Requested size: 330.42041pt x 163.03574pt.

[74] [75 <C:/Users/Gatito/Desktop/GoogleSVN/tesis_Erik/grafoSR.pdf>]
<grafoCR.pdf, id=865, 718.685pt x 473.77pt>
File: grafoCR.pdf Graphic file (type pdf)
 <use grafoCR.pdf>
Package pdftex.def Info: grafoCR.pdf used on input line 858.
(pdftex.def)             Requested size: 718.68324pt x 473.76884pt.


LaTeX Warning: Float too large for page by 4.05597pt on input line 861.


Overfull \hbox (19.28206pt too wide) in paragraph at lines 866--867
[]\T1/cmr/m/n/12 De igual ma-ne-ra, las pro-pie-da-des \T1/cmr/m/it/12 tie-ne i
ns-ti-tu-ción in-vo-lu-cra-da (sird:has-institutionInvolved)
 []


Overfull \hbox (16.21747pt too wide) in paragraph at lines 866--867
\T1/cmr/m/n/12 y \T1/cmr/m/it/12 tie-ne edi-to-rial (sird:has-publishingHouse) 
\T1/cmr/m/n/12 tie-nen por do-mi-nio las cla-ses \T1/cmr/m/it/12 Te-sis (sird:T
hesis)
 []

[76 <C:/Users/Gatito/Desktop/GoogleSVN/tesis_Erik/consultaGrafo.pdf>] [77 <C:/U
sers/Gatito/Desktop/GoogleSVN/tesis_Erik/grafoCR.pdf>]
<consSimpGrafo.pdf, id=890, 682.55pt x 174.6525pt>
File: consSimpGrafo.pdf Graphic file (type pdf)
 <use consSimpGrafo.pdf>
Package pdftex.def Info: consSimpGrafo.pdf used on input line 873.
(pdftex.def)             Requested size: 283.22162pt x 72.47144pt.
)
(C:\Users\Gatito\Desktop\GoogleSVN\tesis_Erik\prototipoGen.tex [78 <C:/Users/Ga
tito/Desktop/GoogleSVN/tesis_Erik/consSimpGrafo.pdf>]
Cap\'{\i }tulo 6.
[79

] <DiagramaFlujo.pdf, id=909, 230.8625pt x 543.02875pt>
File: DiagramaFlujo.pdf Graphic file (type pdf)

<use DiagramaFlujo.pdf>
Package pdftex.def Info: DiagramaFlujo.pdf used on input line 42.
(pdftex.def)             Requested size: 236.01561pt x 555.14973pt.
 [80] [81 <C:/Users/Gatito/Desktop/GoogleSVN/tesis_Erik/DiagramaFlujo.pdf>] [82
]
Underfull \hbox (badness 10000) in paragraph at lines 96--97

 []


Overfull \hbox (5.68689pt too wide) in paragraph at lines 100--101
[]\T1/cmr/m/n/12 El usua-rio in-tro-du-ce el URL del Lo-gin en su na-ve-ga-dor,
 por ejem-plo: $\T1/cmtt/m/n/12 http : / / localhost :$
 []

[83] <FormLogin.pdf, id=927, 749.80125pt x 548.0475pt>
File: FormLogin.pdf Graphic file (type pdf)
 <use FormLogin.pdf>
Package pdftex.def Info: FormLogin.pdf used on input line 119.
(pdftex.def)             Requested size: 338.90622pt x 247.71028pt.

<IntWebHome.pdf, id=928, 749.80125pt x 548.0475pt>
File: IntWebHome.pdf Graphic file (type pdf)
 <use IntWebHome.pdf>
Package pdftex.def Info: IntWebHome.pdf used on input line 123.
(pdftex.def)             Requested size: 338.90622pt x 247.71028pt.

Underfull \hbox (badness 10000) in paragraph at lines 135--136

 []

[84] [85 <C:/Users/Gatito/Desktop/GoogleSVN/tesis_Erik/FormLogin.pdf> <C:/Users
/Gatito/Desktop/GoogleSVN/tesis_Erik/IntWebHome.pdf

pdfTeX warning: pdflatex (file C:/Users/Gatito/Desktop/GoogleSVN/tesis_Erik/Int
WebHome.pdf): PDF inclusion: multiple pdfs with page group included in a single
 page
>] <IntWebNavPer.pdf, id=952, 747.79375pt x 544.0325pt>
File: IntWebNavPer.pdf Graphic file (type pdf)
 <use IntWebNavPer.pdf>
Package pdftex.def Info: IntWebNavPer.pdf used on input line 156.
(pdftex.def)             Requested size: 238.34041pt x 173.3991pt.

<IntWebNavDoc.pdf, id=953, 757.83125pt x 549.05125pt>
File: IntWebNavDoc.pdf Graphic file (type pdf)
 <use IntWebNavDoc.pdf>
Package pdftex.def Info: IntWebNavDoc.pdf used on input line 160.
(pdftex.def)             Requested size: 239.33098pt x 173.3991pt.

<IntWebNavMult.pdf, id=954, 749.80125pt x 547.04375pt>
File: IntWebNavMult.pdf Graphic file (type pdf)
 <use IntWebNavMult.pdf>
Package pdftex.def Info: IntWebNavMult.pdf used on input line 164.
(pdftex.def)             Requested size: 237.66454pt x 173.3991pt.


LaTeX Warning: Float too large for page by 14.7965pt on input line 167.


Underfull \hbox (badness 10000) in paragraph at lines 185--186

 []

[86] [87 <C:/Users/Gatito/Desktop/GoogleSVN/tesis_Erik/IntWebNavPer.pdf> <C:/Us
ers/Gatito/Desktop/GoogleSVN/tesis_Erik/IntWebNavDoc.pdf

pdfTeX warning: pdflatex (file C:/Users/Gatito/Desktop/GoogleSVN/tesis_Erik/Int
WebNavDoc.pdf): PDF inclusion: multiple pdfs with page group included in a sing
le page
> <C:/Users/Gatito/Desktop/GoogleSVN/tesis_Erik/IntWebNavMult.pdf

pdfTeX warning: pdflatex (file C:/Users/Gatito/Desktop/GoogleSVN/tesis_Erik/Int
WebNavMult.pdf): PDF inclusion: multiple pdfs with page group included in a sin
gle page
>] <IntWebFilPer.pdf, id=980, 746.79pt x 548.0475pt>
File: IntWebFilPer.pdf Graphic file (type pdf)
 <use IntWebFilPer.pdf>
Package pdftex.def Info: IntWebFilPer.pdf used on input line 211.
(pdftex.def)             Requested size: 236.27704pt x 173.3991pt.

<IntWebFilDoc.pdf, id=981, 746.79pt x 548.0475pt>
File: IntWebFilDoc.pdf Graphic file (type pdf)
 <use IntWebFilDoc.pdf>
Package pdftex.def Info: IntWebFilDoc.pdf used on input line 215.
(pdftex.def)             Requested size: 236.27704pt x 173.3991pt.

<IntWebFilMult.pdf, id=982, 746.79pt x 548.0475pt>
File: IntWebFilMult.pdf Graphic file (type pdf)
 <use IntWebFilMult.pdf>
Package pdftex.def Info: IntWebFilMult.pdf used on input line 219.
(pdftex.def)             Requested size: 236.27704pt x 173.3991pt.


LaTeX Warning: Float too large for page by 12.17552pt on input line 222.


Underfull \hbox (badness 10000) in paragraph at lines 232--233

 []

[88] [89 <C:/Users/Gatito/Desktop/GoogleSVN/tesis_Erik/IntWebFilPer.pdf> <C:/Us
ers/Gatito/Desktop/GoogleSVN/tesis_Erik/IntWebFilDoc.pdf

pdfTeX warning: pdflatex (file C:/Users/Gatito/Desktop/GoogleSVN/tesis_Erik/Int
WebFilDoc.pdf): PDF inclusion: multiple pdfs with page group included in a sing
le page
> <C:/Users/Gatito/Desktop/GoogleSVN/tesis_Erik/IntWebFilMult.pdf

pdfTeX warning: pdflatex (file C:/Users/Gatito/Desktop/GoogleSVN/tesis_Erik/Int
WebFilMult.pdf): PDF inclusion: multiple pdfs with page group included in a sin
gle page
>] [90] <FormBusPer.pdf, id=1011, 747.79375pt x 994.71625pt>
File: FormBusPer.pdf Graphic file (type pdf)

<use FormBusPer.pdf>
Package pdftex.def Info: FormBusPer.pdf used on input line 297.
(pdftex.def)             Requested size: 424.82523pt x 565.0969pt.
 <IntWebResPer.pdf, id=1012, 747.79375pt x 549.05125pt>
File: IntWebResPer.pdf Graphic file (type pdf)

<use IntWebResPer.pdf>
Package pdftex.def Info: IntWebResPer.pdf used on input line 304.
(pdftex.def)             Requested size: 283.22162pt x 207.94627pt.

Underfull \hbox (badness 10000) in paragraph at lines 317--318

 []

[91] [92 <C:/Users/Gatito/Desktop/GoogleSVN/tesis_Erik/FormBusPer.pdf>]
[93 <C:/Users/Gatito/Desktop/GoogleSVN/tesis_Erik/IntWebResPer.pdf>] [94]
<FormBusDoc.pdf, id=1040, 761.84625pt x 1048.91875pt>
File: FormBusDoc.pdf Graphic file (type pdf)
 <use FormBusDoc.pdf>
Package pdftex.def Info: FormBusDoc.pdf used on input line 378.
(pdftex.def)             Requested size: 424.82523pt x 584.89369pt.

<IntWebResDoc.pdf, id=1041, 747.79375pt x 545.03625pt>
File: IntWebResDoc.pdf Graphic file (type pdf)
 <use IntWebResDoc.pdf>
Package pdftex.def Info: IntWebResDoc.pdf used on input line 385.
(pdftex.def)             Requested size: 283.22162pt x 206.42564pt.

Underfull \hbox (badness 10000) in paragraph at lines 398--399

 []

[95] [96 <C:/Users/Gatito/Desktop/GoogleSVN/tesis_Erik/FormBusDoc.pdf>]
[97 <C:/Users/Gatito/Desktop/GoogleSVN/tesis_Erik/IntWebResDoc.pdf>]
<FormBusMult.pdf, id=1066, 749.80125pt x 822.07124pt>
File: FormBusMult.pdf Graphic file (type pdf)
 <use FormBusMult.pdf>
Package pdftex.def Info: FormBusMult.pdf used on input line 447.
(pdftex.def)             Requested size: 424.82523pt x 465.77567pt.

<IntWebResMult.pdf, id=1067, 752.8125pt x 548.0475pt>
File: IntWebResMult.pdf Graphic file (type pdf)
 <use IntWebResMult.pdf>
Package pdftex.def Info: IntWebResMult.pdf used on input line 454.
(pdftex.def)             Requested size: 283.22162pt x 206.18631pt.

Underfull \hbox (badness 10000) in paragraph at lines 467--468

 []

[98] [99 <C:/Users/Gatito/Desktop/GoogleSVN/tesis_Erik/FormBusMult.pdf>]
<FormAllRes.pdf, id=1081, 749.80125pt x 527.9725pt>
File: FormAllRes.pdf Graphic file (type pdf)
 <use FormAllRes.pdf>
Package pdftex.def Info: FormAllRes.pdf used on input line 500.
(pdftex.def)             Requested size: 351.77737pt x 247.71028pt.

<IntWebNavAll.pdf, id=1082, 749.80125pt x 527.9725pt>
File: IntWebNavAll.pdf Graphic file (type pdf)
 <use IntWebNavAll.pdf>
Package pdftex.def Info: IntWebNavAll.pdf used on input line 504.
(pdftex.def)             Requested size: 351.77737pt x 247.71028pt.

[100 <C:/Users/Gatito/Desktop/GoogleSVN/tesis_Erik/IntWebResMult.pdf>] [101 <C:
/Users/Gatito/Desktop/GoogleSVN/tesis_Erik/FormAllRes.pdf> <C:/Users/Gatito/Des
ktop/GoogleSVN/tesis_Erik/IntWebNavAll.pdf

pdfTeX warning: pdflatex (file C:/Users/Gatito/Desktop/GoogleSVN/tesis_Erik/Int
WebNavAll.pdf): PDF inclusion: multiple pdfs with page group included in a sing
le page
>]
Underfull \hbox (badness 10000) in paragraph at lines 523--524

 []

<IntWebDetPer.pdf, id=1109, 746.79pt x 546.04pt>
File: IntWebDetPer.pdf Graphic file (type pdf)
 <use IntWebDetPer.pdf>
Package pdftex.def Info: IntWebDetPer.pdf used on input line 543.
(pdftex.def)             Requested size: 237.14307pt x 173.3991pt.

<IntWebDetDoc.pdf, id=1110, 746.79pt x 546.04pt>
File: IntWebDetDoc.pdf Graphic file (type pdf)
 <use IntWebDetDoc.pdf>
Package pdftex.def Info: IntWebDetDoc.pdf used on input line 547.
(pdftex.def)             Requested size: 237.14307pt x 173.3991pt.

<IntWebDetMult.pdf, id=1111, 746.79pt x 546.04pt>
File: IntWebDetMult.pdf Graphic file (type pdf)
 <use IntWebDetMult.pdf>
Package pdftex.def Info: IntWebDetMult.pdf used on input line 551.
(pdftex.def)             Requested size: 237.14307pt x 173.3991pt.


LaTeX Warning: Float too large for page by 20.95348pt on input line 554.

) (C:\Users\Gatito\Desktop\GoogleSVN\tesis_Erik\evaluacion.tex [102] [103 <C:/U
sers/Gatito/Desktop/GoogleSVN/tesis_Erik/IntWebDetPer.pdf> <C:/Users/Gatito/Des
ktop/GoogleSVN/tesis_Erik/IntWebDetDoc.pdf

pdfTeX warning: pdflatex (file C:/Users/Gatito/Desktop/GoogleSVN/tesis_Erik/Int
WebDetDoc.pdf): PDF inclusion: multiple pdfs with page group included in a sing
le page
> <C:/Users/Gatito/Desktop/GoogleSVN/tesis_Erik/IntWebDetMult.pdf

pdfTeX warning: pdflatex (file C:/Users/Gatito/Desktop/GoogleSVN/tesis_Erik/Int
WebDetMult.pdf): PDF inclusion: multiple pdfs with page group included in a sin
gle page
>] [104

]
Cap\'{\i }tulo 7.
[105]
LaTeX Font Info:    Try loading font information for T1+cmss on input line 41.
 ("C:\Program Files\MiKTeX 2.9\tex\latex\base\t1cmss.fd"
File: t1cmss.fd 1999/05/25 v2.5h Standard LaTeX font definitions
) [106]
Overfull \hbox (0.44507pt too wide) in paragraph at lines 58--59
\T1/cmr/m/n/12 nan ex-plí-ci-ta-men-te a una de es-tas cla-ses: \T1/cmr/m/it/12
 Es-tu-dian-te (sirp:Student)\T1/cmr/m/n/12 , \T1/cmr/m/it/12 Em-plea-do (sird:
Employee)
 []

[107] [108]
Underfull \vbox (badness 1721) has occurred while \output is active []

 [109]
[110] [111] [112]

LaTeX Warning: Command \' invalid in math mode on input line 284.

Missing character: There is no ó in font cmr12!
[113] [114]
Overfull \hbox (0.87743pt too wide) in paragraph at lines 356--356
 []|[]| 
 []

[115]
Overfull \hbox (0.87743pt too wide) in paragraph at lines 413--413
 []|[]| 
 []


Overfull \hbox (0.87743pt too wide) in paragraph at lines 452--452
 []|[]| 
 []


Overfull \hbox (0.87743pt too wide) in paragraph at lines 507--507
 []|[]| 
 []

[116] [117] [118])
(C:\Users\Gatito\Desktop\GoogleSVN\tesis_Erik\conclusiones.tex [119] [120

]
Cap\'{\i }tulo 8.
[121]
Underfull \vbox (badness 10000) has occurred while \output is active []

 [122])
[123] [124

] [125

] [126]
(C:\Users\Gatito\Desktop\GoogleSVN\tesis_Erik\appendA.tex
Ap\'{e}ndice A.

Overfull \hbox (10.17401pt too wide) in paragraph at lines 26--27
[]\T1/cmr/m/n/12 Literal \T1/cmr/m/it/12 nom-bre $\OMS/cmsy/m/n/12  $ \T1/cmr/m
/n/12 se-lec-cio-nar el i-ésimo nom-bre de la lis-ta de nom-bres ($\OML/cmm/m/i
t/12 nombre[]$\T1/cmr/m/n/12 ); 
 []

[127

] [128]) (C:\Users\Gatito\Desktop\GoogleSVN\tesis_Erik\appendB.tex [129]
[130

]
Ap\'{e}ndice B.
[131] [132] [133] [134] [135])
(C:\Users\Gatito\Desktop\GoogleSVN\tesis_Erik\tesis_Erik.bbl [136

] [137]
[138] [139] [140] [141] [142

] [143] [144] [145]) [146]
(C:\Users\Gatito\Desktop\GoogleSVN\tesis_Erik\tesis_Erik.aux)

LaTeX Warning: There were undefined references.

 ) 
Here is how much of TeX's memory you used:
 6788 strings out of 493944
 93542 string characters out of 3148281
 194373 words of memory out of 3000000
 9802 multiletter control sequences out of 15000+200000
 28057 words of font info for 66 fonts, out of 3000000 for 9000
 841 hyphenation exceptions out of 8191
 36i,18n,43p,2052b,571s stack positions out of 5000i,500n,10000p,200000b,50000s
{C:/Program Files/MiKTeX 2.9/fonts/enc/dvips/cm-super/cm-super-t1.enc}<C:/Pro
gram Files/MiKTeX 2.9/fonts/type1/public/amsfonts/cm/cmmi12.pfb><C:/Program Fil
es/MiKTeX 2.9/fonts/type1/public/amsfonts/cm/cmmi8.pfb><C:/Program Files/MiKTeX
 2.9/fonts/type1/public/amsfonts/cm/cmr12.pfb><C:/Program Files/MiKTeX 2.9/font
s/type1/public/amsfonts/cm/cmr8.pfb><C:/Program Files/MiKTeX 2.9/fonts/type1/pu
blic/amsfonts/cm/cmsy10.pfb><C:/Program Files/MiKTeX 2.9/fonts/type1/public/ams
fonts/cm/cmsy8.pfb><C:/Program Files/MiKTeX 2.9/fonts/type1/public/cm-super/sfb
i1200.pfb><C:/Program Files/MiKTeX 2.9/fonts/type1/public/cm-super/sfbx0800.pfb
><C:/Program Files/MiKTeX 2.9/fonts/type1/public/cm-super/sfbx1200.pfb><C:/Prog
ram Files/MiKTeX 2.9/fonts/type1/public/cm-super/sfbx1440.pfb><C:/Program Files
/MiKTeX 2.9/fonts/type1/public/cm-super/sfbx1728.pfb><C:/Program Files/MiKTeX 2
.9/fonts/type1/public/cm-super/sfbx2488.pfb><C:/Program Files/MiKTeX 2.9/fonts/
type1/public/cm-super/sfcc1200.pfb><C:/Program Files/MiKTeX 2.9/fonts/type1/pub
lic/cm-super/sfcc1440.pfb><C:/Program Files/MiKTeX 2.9/fonts/type1/public/cm-su
per/sfit1200.pfb><C:/Program Files/MiKTeX 2.9/fonts/type1/public/cm-super/sfrm0
600.pfb><C:/Program Files/MiKTeX 2.9/fonts/type1/public/cm-super/sfrm0700.pfb><
C:/Program Files/MiKTeX 2.9/fonts/type1/public/cm-super/sfrm0800.pfb><C:/Progra
m Files/MiKTeX 2.9/fonts/type1/public/cm-super/sfrm1000.pfb><C:/Program Files/M
iKTeX 2.9/fonts/type1/public/cm-super/sfrm1095.pfb><C:/Program Files/MiKTeX 2.9
/fonts/type1/public/cm-super/sfrm1200.pfb><C:/Program Files/MiKTeX 2.9/fonts/ty
pe1/public/cm-super/sfrm1440.pfb><C:/Program Files/MiKTeX 2.9/fonts/type1/publi
c/cm-super/sfti1000.pfb><C:/Program Files/MiKTeX 2.9/fonts/type1/public/cm-supe
r/sfti1095.pfb><C:/Program Files/MiKTeX 2.9/fonts/type1/public/cm-super/sfti120
0.pfb><C:/Program Files/MiKTeX 2.9/fonts/type1/public/cm-super/sftt1000.pfb><C:
/Program Files/MiKTeX 2.9/fonts/type1/public/cm-super/sftt1200.pfb><C:/Program 
Files/MiKTeX 2.9/fonts/type1/public/cm-super/sfxc1200.pfb>
Output written on tesis_Erik.pdf (164 pages, 4571874 bytes).
PDF statistics:
 1371 PDF objects out of 1440 (max. 8388607)
 0 named destinations out of 1000 (max. 500000)
 326 words of extra memory for PDF output out of 10000 (max. 10000000)

