This is pdfTeX, Version 3.1415926-2.4-1.40.13 (MiKTeX 2.9 64-bit) (preloaded format=pdflatex 2013.5.31)  25 OCT 2013 00:52
entering extended mode
**tesis_Erik.tex
(C:\Users\Gatito\Desktop\GoogleSVN\tesis_Erik\tesis_Erik.tex
LaTeX2e <2011/06/27>
Babel <v3.8m> and hyphenation patterns for english, afrikaans, ancientgreek, ar
abic, armenian, assamese, basque, bengali, bokmal, bulgarian, catalan, coptic, 
croatian, czech, danish, dutch, esperanto, estonian, farsi, finnish, french, ga
lician, german, greek, gujarati, hindi, hungarian, icelandic, indonesian, inter
lingua, irish, italian, kannada, kurmanji, latin, latvian, lithuanian, malayala
m, marathi, mongolian, mongolianlmc, monogreek, ngerman, nynorsk, oriya, panjab
i, pinyin, polish, portuguese, romanian, russian, sanskrit, serbian, slovak, sl
ovenian, spanish, swedish, swissgerman, tamil, telugu, turkish, turkmen, ukengl
ish, ukrainian, uppersorbian, usenglishmax, welsh, loaded.
("C:\Program Files\MiKTeX 2.9\tex\latex\base\book.cls"
Document Class: book 2007/10/19 v1.4h Standard LaTeX document class
("C:\Program Files\MiKTeX 2.9\tex\latex\base\bk12.clo"
File: bk12.clo 2007/10/19 v1.4h Standard LaTeX file (size option)
)
\c@part=\count79
\c@chapter=\count80
\c@section=\count81
\c@subsection=\count82
\c@subsubsection=\count83
\c@paragraph=\count84
\c@subparagraph=\count85
\c@figure=\count86
\c@table=\count87
\abovecaptionskip=\skip41
\belowcaptionskip=\skip42
\bibindent=\dimen102
)
("C:\Program Files\MiKTeX 2.9\tex\latex\titlesec\titlesec.sty"
Package: titlesec 2011/12/15 v2.10.0 Sectioning titles
\ttl@box=\box26
\beforetitleunit=\skip43
\aftertitleunit=\skip44
\ttl@plus=\dimen103
\ttl@minus=\dimen104
\ttl@toksa=\toks14
\titlewidth=\dimen105
\titlewidthlast=\dimen106
\titlewidthfirst=\dimen107
)
("C:\Program Files\MiKTeX 2.9\tex\latex\anysize\anysize.sty"
Package: anysize 1994/08/13 setting margin sizes

document style option `anysize' loaded
Michael Salzenberg, Thomas Esser, Dirk Hillbrecht
Version 1.0, Aug 13, 1994
\@Leftmargin=\dimen108
\@Rightmargin=\dimen109
\@Topmargin=\dimen110
\@Bottommargin=\dimen111
) ("C:\Program Files\MiKTeX 2.9\tex\latex\graphics\graphicx.sty"
Package: graphicx 1999/02/16 v1.0f Enhanced LaTeX Graphics (DPC,SPQR)

("C:\Program Files\MiKTeX 2.9\tex\latex\graphics\keyval.sty"
Package: keyval 1999/03/16 v1.13 key=value parser (DPC)
\KV@toks@=\toks15
)
("C:\Program Files\MiKTeX 2.9\tex\latex\graphics\graphics.sty"
Package: graphics 2009/02/05 v1.0o Standard LaTeX Graphics (DPC,SPQR)

("C:\Program Files\MiKTeX 2.9\tex\latex\graphics\trig.sty"
Package: trig 1999/03/16 v1.09 sin cos tan (DPC)
)
("C:\Program Files\MiKTeX 2.9\tex\latex\00miktex\graphics.cfg"
File: graphics.cfg 2007/01/18 v1.5 graphics configuration of teTeX/TeXLive
)
Package graphics Info: Driver file: pdftex.def on input line 91.

("C:\Program Files\MiKTeX 2.9\tex\latex\pdftex-def\pdftex.def"
File: pdftex.def 2011/05/27 v0.06d Graphics/color for pdfTeX

("C:\Program Files\MiKTeX 2.9\tex\generic\oberdiek\infwarerr.sty"
Package: infwarerr 2010/04/08 v1.3 Providing info/warning/error messages (HO)
)
("C:\Program Files\MiKTeX 2.9\tex\generic\oberdiek\ltxcmds.sty"
Package: ltxcmds 2011/11/09 v1.22 LaTeX kernel commands for general use (HO)
)
\Gread@gobject=\count88
))
\Gin@req@height=\dimen112
\Gin@req@width=\dimen113
)
("C:\Program Files\MiKTeX 2.9\tex\latex\tocbibind\tocbibind.sty"
Package: tocbibind 2010/10/13 v1.5k extra ToC listings
Package tocbibind Info: The document has chapter divisions on input line 50.


Package tocbibind Note: Using chapter style headings, unless overridden.

) ("C:\Program Files\MiKTeX 2.9\tex\latex\float\float.sty"
Package: float 2001/11/08 v1.3d Float enhancements (AL)
\c@float@type=\count89
\float@exts=\toks16
\float@box=\box27
\@float@everytoks=\toks17
\@floatcapt=\box28
)
("C:\Program Files\MiKTeX 2.9\tex\latex\fancyhdr\fancyhdr.sty"
\fancy@headwidth=\skip45
\f@ncyO@elh=\skip46
\f@ncyO@erh=\skip47
\f@ncyO@olh=\skip48
\f@ncyO@orh=\skip49
\f@ncyO@elf=\skip50
\f@ncyO@erf=\skip51
\f@ncyO@olf=\skip52
\f@ncyO@orf=\skip53
)
("C:\Program Files\MiKTeX 2.9\tex\latex\graphics\color.sty"
Package: color 2005/11/14 v1.0j Standard LaTeX Color (DPC)

("C:\Program Files\MiKTeX 2.9\tex\latex\00miktex\color.cfg"
File: color.cfg 2007/01/18 v1.5 color configuration of teTeX/TeXLive
)
Package color Info: Driver file: pdftex.def on input line 130.
)
("C:\Program Files\MiKTeX 2.9\tex\latex\soul\soul.sty"
Package: soul 2003/11/17 v2.4 letterspacing/underlining (mf)
\SOUL@word=\toks18
\SOUL@lasttoken=\toks19
\SOUL@cmds=\toks20
\SOUL@buffer=\toks21
\SOUL@token=\toks22
\SOUL@spaceskip=\skip54
\SOUL@ttwidth=\dimen114
\SOUL@uldp=\dimen115
\SOUL@ulht=\dimen116
)
("C:\Program Files\MiKTeX 2.9\tex\latex\algorithm2e\algorithm2e.sty"
Package: algorithm2e 2013/01/06 v5.00 algorithms environments
\c@AlgoLine=\count90

("C:\Program Files\MiKTeX 2.9\tex\latex\base\ifthen.sty"
Package: ifthen 2001/05/26 v1.1c Standard LaTeX ifthen package (DPC)
)
("C:\Program Files\MiKTeX 2.9\tex\latex\tools\xspace.sty"
Package: xspace 2009/10/20 v1.13 Space after command names (DPC,MH)
)
("C:\Program Files\MiKTeX 2.9\tex\latex\ltxmisc\relsize.sty"
Package: relsize 2003/07/04 ver 3.1
)
********************************************************
Package `algorithm2e' Release 5.0 -- january 06 2013 --
- algorithm2e-announce@lirmm.fr mailing list for announcement about releases
- algorithm2e-discussion@lirmm.fr mailing list for discussion about package
subscribe by emailing sympa@lirmm.fr with 'subscribe <list> <firstname name>'
- Author: Christophe Fiorio (cfiorio@um2.fr)
********************************************************
\skiptotal=\skip55
\skiplinenumber=\skip56
\skiprule=\skip57
\skiphlne=\skip58
\skiptext=\skip59
\skiplength=\skip60
\algomargin=\skip61
\skipalgocfslide=\skip62
\algowidth=\dimen117
\inoutsize=\dimen118
\inoutindent=\dimen119
\interspacetitleruled=\dimen120
\interspacealgoruled=\dimen121
\interspacetitleboxruled=\dimen122
\algocf@inoutbox=\box29
\algocf@inputbox=\box30
\AlCapSkip=\skip63
\AlCapHSkip=\skip64
\algoskipindent=\skip65
\algocf@nlbox=\box31
\algocf@hangingbox=\box32
\algocf@untilbox=\box33
\algocf@skipuntil=\skip66
\algocf@capbox=\box34
\algoheightruledefault=\skip67
\algoheightrule=\skip68
\algotitleheightruledefault=\skip69
\algotitleheightrule=\skip70
\c@algocfline=\count91
\c@algocfproc=\count92
\c@algocf=\count93
\algocf@algoframe=\box35
\algocf@algobox=\box36
) ("C:\Program Files\MiKTeX 2.9\tex\latex\amsfonts\amsfonts.sty"
Package: amsfonts 2013/01/14 v3.01 Basic AMSFonts support
\@emptytoks=\toks23
\symAMSa=\mathgroup4
\symAMSb=\mathgroup5
LaTeX Font Info:    Overwriting math alphabet `\mathfrak' in version `bold'
(Font)                  U/euf/m/n --> U/euf/b/n on input line 106.
)
("C:\Program Files\MiKTeX 2.9\tex\latex\url\url.sty"
\Urlmuskip=\muskip10
Package: url 2006/04/12  ver 3.3  Verb mode for urls, etc.
)
("C:\Program Files\MiKTeX 2.9\tex\generic\babel\babel.sty"
Package: babel 2008/07/08 v3.8m The Babel package

*************************************
* Local config file bblopts.cfg used
*
("C:\Program Files\MiKTeX 2.9\tex\latex\00miktex\bblopts.cfg"
File: bblopts.cfg 2006/07/31 v1.0 MiKTeX 'babel' configuration
)
("C:\Program Files\MiKTeX 2.9\tex\generic\babel\spanish.ldf"
Language: spanish.ldf 2009/01/02 v5.0h Spanish support from the babel system

("C:\Program Files\MiKTeX 2.9\tex\generic\babel\babel.def"
File: babel.def 2008/07/08 v3.8m Babel common definitions
\babel@savecnt=\count94
\U@D=\dimen123
)
\es@datefmt=\count95
\es@quottoks=\toks24
\es@quotdepth=\count96
Package babel Info: Making " an active character on input line 492.
Package babel Info: Making . an active character on input line 585.
Package babel Info: Making < an active character on input line 630.
Package babel Info: Making > an active character on input line 630.
))
("C:\Program Files\MiKTeX 2.9\tex\latex\base\inputenc.sty"
Package: inputenc 2008/03/30 v1.1d Input encoding file
\inpenc@prehook=\toks25
\inpenc@posthook=\toks26

("C:\Program Files\MiKTeX 2.9\tex\latex\base\latin1.def"
File: latin1.def 2008/03/30 v1.1d Input encoding file
))
("C:\Program Files\MiKTeX 2.9\tex\latex\base\fontenc.sty"
Package: fontenc 2005/09/27 v1.99g Standard LaTeX package

("C:\Program Files\MiKTeX 2.9\tex\latex\base\t1enc.def"
File: t1enc.def 2005/09/27 v1.99g Standard LaTeX file
LaTeX Font Info:    Redeclaring font encoding T1 on input line 43.
))
("C:\Program Files\MiKTeX 2.9\tex\latex\cite\cite.sty"
LaTeX Info: Redefining \cite on input line 302.
LaTeX Info: Redefining \nocite on input line 373.
Package: cite 2010/09/10  v 5.3
)
("C:\Program Files\MiKTeX 2.9\tex\latex\base\alltt.sty"
Package: alltt 1997/06/16 v2.0g defines alltt environment
)
("C:\Program Files\MiKTeX 2.9\tex\latex\tools\array.sty"
Package: array 2008/09/09 v2.4c Tabular extension package (FMi)
\col@sep=\dimen124
\extrarowheight=\dimen125
\NC@list=\toks27
\extratabsurround=\skip71
\backup@length=\skip72
)
("C:\Program Files\MiKTeX 2.9\tex\latex\multirow\multirow.sty"
\bigstrutjot=\dimen126
)
("C:\Program Files\MiKTeX 2.9\tex\latex\mdwtools\mdwmath.sty"
Package: mdwmath 1996/04/11 1.1 Nice mathematical things
\sq@sqrt=\count97
LaTeX Info: Redefining \sqrt on input line 84.
)
("C:\Program Files\MiKTeX 2.9\tex\latex\tools\verbatim.sty"
Package: verbatim 2003/08/22 v1.5q LaTeX2e package for verbatim enhancements
\every@verbatim=\toks28
\verbatim@line=\toks29
\verbatim@in@stream=\read1
)
("C:\Program Files\MiKTeX 2.9\tex\latex\ms\ragged2e.sty"
Package: ragged2e 2009/05/21 v2.1 ragged2e Package (MS)

("C:\Program Files\MiKTeX 2.9\tex\latex\ms\everysel.sty"
Package: everysel 2011/10/28 v1.2 EverySelectfont Package (MS)
)
\CenteringLeftskip=\skip73
\RaggedLeftLeftskip=\skip74
\RaggedRightLeftskip=\skip75
\CenteringRightskip=\skip76
\RaggedLeftRightskip=\skip77
\RaggedRightRightskip=\skip78
\CenteringParfillskip=\skip79
\RaggedLeftParfillskip=\skip80
\RaggedRightParfillskip=\skip81
\JustifyingParfillskip=\skip82
\CenteringParindent=\skip83
\RaggedLeftParindent=\skip84
\RaggedRightParindent=\skip85
\JustifyingParindent=\skip86
)
("C:\Program Files\MiKTeX 2.9\tex\latex\appendix\appendix.sty"
Package: appendix 2009/09/02 v1.2b extra appendix facilities
\c@@pps=\count98
\c@@ppsavesec=\count99
\c@@ppsaveapp=\count100
)
("C:\Program Files\MiKTeX 2.9\tex\latex\acronym\acronym.sty"
Package: acronym 2012/10/29 v1.38 Support for acronyms (Tobias Oetiker)

("C:\Program Files\MiKTeX 2.9\tex\latex\bigfoot\suffix.sty"
Package: suffix 2006/07/15 1.5 Variant command support
)
("C:\Program Files\MiKTeX 2.9\tex\latex\xstring\xstring.sty"
("C:\Program Files\MiKTeX 2.9\tex\generic\xstring\xstring.tex"
\@xs@message=\write3
\integerpart=\count101
\decimalpart=\count102
)
Package: xstring 2013/2/28  v1.7a  String manipulations (C Tellechea)
)
\AC@clearlist=\toks30
)
("C:\Program Files\MiKTeX 2.9\tex\latex\threeparttable\threeparttable.sty"
Package: threeparttable 2003/06/13  v 3.0
\@tempboxb=\box37
)
("C:\Program Files\MiKTeX 2.9\tex\latex\tools\longtable.sty"
Package: longtable 2004/02/01 v4.11 Multi-page Table package (DPC)
\LTleft=\skip87
\LTright=\skip88
\LTpre=\skip89
\LTpost=\skip90
\LTchunksize=\count103
\LTcapwidth=\dimen127
\LT@head=\box38
\LT@firsthead=\box39
\LT@foot=\box40
\LT@lastfoot=\box41
\LT@cols=\count104
\LT@rows=\count105
\c@LT@tables=\count106
\c@LT@chunks=\count107
\LT@p@ftn=\toks31
)
("C:\Program Files\MiKTeX 2.9\tex\latex\booktabs\booktabs.sty"
Package: booktabs 2005/04/14 v1.61803 publication quality tables
\heavyrulewidth=\dimen128
\lightrulewidth=\dimen129
\cmidrulewidth=\dimen130
\belowrulesep=\dimen131
\belowbottomsep=\dimen132
\aboverulesep=\dimen133
\abovetopsep=\dimen134
\cmidrulesep=\dimen135
\cmidrulekern=\dimen136
\defaultaddspace=\dimen137
\@cmidla=\count108
\@cmidlb=\count109
\@aboverulesep=\dimen138
\@belowrulesep=\dimen139
\@thisruleclass=\count110
\@lastruleclass=\count111
\@thisrulewidth=\dimen140
)
Package color Info: Redefining color black on input line 31.

(C:\Users\Gatito\Desktop\GoogleSVN\tesis_Erik\tesis_Erik.aux)
LaTeX Font Info:    Checking defaults for OML/cmm/m/it on input line 64.
LaTeX Font Info:    ... okay on input line 64.
LaTeX Font Info:    Checking defaults for T1/cmr/m/n on input line 64.
LaTeX Font Info:    ... okay on input line 64.
LaTeX Font Info:    Checking defaults for OT1/cmr/m/n on input line 64.
LaTeX Font Info:    ... okay on input line 64.
LaTeX Font Info:    Checking defaults for OMS/cmsy/m/n on input line 64.
LaTeX Font Info:    ... okay on input line 64.
LaTeX Font Info:    Checking defaults for OMX/cmex/m/n on input line 64.
LaTeX Font Info:    ... okay on input line 64.
LaTeX Font Info:    Checking defaults for U/cmr/m/n on input line 64.
LaTeX Font Info:    ... okay on input line 64.

("C:\Program Files\MiKTeX 2.9\tex\context\base\supp-pdf.mkii"
[Loading MPS to PDF converter (version 2006.09.02).]
\scratchcounter=\count112
\scratchdimen=\dimen141
\scratchbox=\box42
\nofMPsegments=\count113
\nofMParguments=\count114
\everyMPshowfont=\toks32
\MPscratchCnt=\count115
\MPscratchDim=\dimen142
\MPnumerator=\count116
\makeMPintoPDFobject=\count117
\everyMPtoPDFconversion=\toks33
) ABD: EverySelectfont initializing macros
LaTeX Info: Redefining \selectfont on input line 64.

(C:\Users\Gatito\Desktop\GoogleSVN\tesis_Erik\caratula.tex
<uam.pdf, id=1, 1471.4975pt x 399.4925pt>
File: uam.pdf Graphic file (type pdf)
 <use uam.pdf>
Package pdftex.def Info: uam.pdf used on input line 5.
(pdftex.def)             Requested size: 283.22162pt x 76.89186pt.
 [1


{C:/ProgramData/MiKTeX/2.9/pdftex/config/pdftex.map} <C:/Users/Gatito/Desktop/G
oogleSVN/tesis_Erik/uam.pdf>]) [2] (C:\Users\Gatito\Desktop\GoogleSVN\tesis_Eri
k\resumen.tex

LaTeX Warning: Citation `Ontoinra2002' on page \es@scroman {iii} undefined on i
nput line 4.

[3

]

LaTeX Warning: Citation `BLURI98' on page \es@scroman {iv} undefined on input l
ine 31.

[4] [5]) (C:\Users\Gatito\Desktop\GoogleSVN\tesis_Erik\agradecimientos.tex
[6]) [7

] [8

] (C:\Users\Gatito\Desktop\GoogleSVN\tesis_Erik\tesis_Erik.toc
LaTeX Font Info:    Try loading font information for U+msa on input line 7.

("C:\Program Files\MiKTeX 2.9\tex\latex\amsfonts\umsa.fd"
File: umsa.fd 2013/01/14 v3.01 AMS symbols A
)
LaTeX Font Info:    Try loading font information for U+msb on input line 7.

("C:\Program Files\MiKTeX 2.9\tex\latex\amsfonts\umsb.fd"
File: umsb.fd 2013/01/14 v3.01 AMS symbols B
) [9])
\tf@toc=\write4
 [10]
(C:\Users\Gatito\Desktop\GoogleSVN\tesis_Erik\tesis_Erik.lot)
\tf@lot=\write5
 [11

] [12

]
(C:\Users\Gatito\Desktop\GoogleSVN\tesis_Erik\tesis_Erik.lof)
\tf@lof=\write6

(C:\Users\Gatito\Desktop\GoogleSVN\tesis_Erik\acronimos.tex [13] [14

]

LaTeX Warning: Reference `sym:RyT' on page \es@scroman {xv} undefined on input 
line 12.


LaTeX Warning: Reference `sym:IE' on page \es@scroman {xv} undefined on input l
ine 14.


LaTeX Warning: Reference `sym:UAMI' on page \es@scroman {xv} undefined on input
 line 16.


LaTeX Warning: Reference `sym:MC' on page \es@scroman {xv} undefined on input l
ine 18.


LaTeX Warning: Reference `sym:MO' on page \es@scroman {xv} undefined on input l
ine 20.


LaTeX Warning: Reference `sym:TI' on page \es@scroman {xv} undefined on input l
ine 22.


LaTeX Warning: Reference `sym:gbdr' on page \es@scroman {xv} undefined on input
 line 24.


LaTeX Warning: Reference `sym:BD' on page \es@scroman {xv} undefined on input l
ine 26.


LaTeX Warning: Reference `sym:TS' on page \es@scroman {xv} undefined on input l
ine 28.


LaTeX Warning: Reference `sym:abox' on page \es@scroman {xv} undefined on input
 line 30.


LaTeX Warning: Reference `sym:tbox' on page \es@scroman {xv} undefined on input
 line 32.


LaTeX Warning: Reference `sym:rdf' on page \es@scroman {xv} undefined on input 
line 34.


LaTeX Warning: Reference `sym:uri' on page \es@scroman {xv} undefined on input 
line 36.


LaTeX Warning: Reference `sym:wwwc' on page \es@scroman {xv} undefined on input
 line 38.


LaTeX Warning: Reference `sym:rdfs' on page \es@scroman {xv} undefined on input
 line 40.


LaTeX Warning: Reference `sym:owl' on page \es@scroman {xv} undefined on input 
line 42.


LaTeX Warning: Reference `sym:foaf' on page \es@scroman {xv} undefined on input
 line 46.


LaTeX Warning: Reference `sym:xml' on page \es@scroman {xv} undefined on input 
line 48.


LaTeX Warning: Reference `sym:gui' on page \es@scroman {xv} undefined on input 
line 50.


LaTeX Warning: Reference `sym:ide' on page \es@scroman {xv} undefined on input 
line 52.


LaTeX Warning: Reference `sym:api' on page \es@scroman {xv} undefined on input 
line 54.


LaTeX Warning: Reference `sym:isr' on page \es@scroman {xv} undefined on input 
line 56.


Package longtable Warning: Column widths have changed
(longtable)                in table 1 on input line 57.

) [15] [16

] (C:\Users\Gatito\Desktop\GoogleSVN\tesis_Erik\introduccion.tex
Cap\'{\i }tulo 1.

LaTeX Warning: Citation `TeoOrg-James' on page 1 undefined on input line 5.


LaTeX Warning: Citation `TeoOrg-Richard' on page 1 undefined on input line 5.


LaTeX Warning: Citation `TeoAdmon-Reinaldo' on page 1 undefined on input line 1
7.


LaTeX Warning: Citation `DisOrg-Gilli' on page 1 undefined on input line 17.

[1

]

LaTeX Warning: Citation `TeoAdmon-Reinaldo' on page 2 undefined on input line 1
9.


LaTeX Warning: Citation `MBSPap' on page 2 undefined on input line 21.


LaTeX Warning: Citation `SGBDDIA' on page 2 undefined on input line 21.


LaTeX Warning: Citation `SGBDDIA' on page 2 undefined on input line 23.


LaTeX Warning: Citation `SGBDDIA' on page 2 undefined on input line 23.


Underfull \hbox (badness 10000) in paragraph at lines 23--24

 []


Underfull \vbox (badness 7722) has occurred while \output is active []

 [2]

LaTeX Warning: Citation `SemTecRetr' on page 3 undefined on input line 25.

LaTeX Font Info:    Try loading font information for T1+cmtt on input line 25.
("C:\Program Files\MiKTeX 2.9\tex\latex\base\t1cmtt.fd"
File: t1cmtt.fd 1999/05/25 v2.5h Standard LaTeX font definitions
)
Underfull \hbox (badness 10000) in paragraph at lines 25--25
[][]\T1/cmr/m/n/10 L. Fei-gen-baum, Se-man-tic Web vs. Se-man-tic Tech-no-lo-g
ies, Dis-po-ni-ble en: $\T1/cmtt/m/n/10 http : / / www .$
 []

[3]
Underfull \hbox (badness 10000) in paragraph at lines 35--36

 []

[4]

LaTeX Warning: Reference `cap:dop' on page 5 undefined on input line 60.


LaTeX Warning: Reference `cap:ets' on page 5 undefined on input line 60.


LaTeX Warning: Reference `cap:soa' on page 5 undefined on input line 60.


LaTeX Warning: Reference `cap:sir' on page 5 undefined on input line 60.


LaTeX Warning: Reference `cap:piu' on page 5 undefined on input line 60.


LaTeX Warning: Reference `cap:exp' on page 5 undefined on input line 60.


LaTeX Warning: Reference `cap:concl' on page 5 undefined on input line 60.

) (C:\Users\Gatito\Desktop\GoogleSVN\tesis_Erik\problematica.tex [5] [6

]
Cap\'{\i }tulo 2.

Underfull \vbox (badness 1769) has occurred while \output is active []

 [7]

LaTeX Warning: Citation `Ontoinra2002' on page 8 undefined on input line 24.


LaTeX Warning: Citation `Corpmem98' on page 8 undefined on input line 26.

[8]

LaTeX Warning: Citation `Corpmem98' on page 9 undefined on input line 28.


LaTeX Warning: Citation `TeoAdmon-Reinaldo' on page 9 undefined on input line 5
6.

[9]
Underfull \hbox (badness 10000) in paragraph at lines 64--65

 []

[10] [11] [12]

LaTeX Warning: Reference `fig:cdu' on page 13 undefined on input line 109.

<CasosUso.pdf, id=114, 367.3725pt x 225.84375pt>
File: CasosUso.pdf Graphic file (type pdf)
 <use CasosUso.pdf>
Package pdftex.def Info: CasosUso.pdf used on input line 113.
(pdftex.def)             Requested size: 306.81741pt x 188.62881pt.
 [13 <C:/Users/Gatito/Desktop/GoogleSVN/tesis_Erik/CasosUso.pdf>]
Underfull \vbox (badness 10000) has occurred while \output is active []

 [14])
(C:\Users\Gatito\Desktop\GoogleSVN\tesis_Erik\semanticas.tex [15] [16

]
Cap\'{\i }tulo 3.

LaTeX Warning: Citation `SemLyons' on page 17 undefined on input line 6.


LaTeX Warning: Citation `SemTecRetr' on page 17 undefined on input line 8.


Underfull \hbox (badness 10000) in paragraph at lines 8--8
[][]\T1/cmr/m/n/10 L. Fei-gen-baum, ``Se-man-tic Web vs. Se-man-tic Tech-no-lo-
gies,'' Dis-po-ni-ble en: $\T1/cmtt/m/n/10 http : / / www .$
 []


LaTeX Warning: Citation `OntoTecRrpKnw' on page 17 undefined on input line 10.


Underfull \hbox (badness 10000) in paragraph at lines 25--25
[][]\T1/cmr/m/n/10 W3C,``RDF 1.1 Con-cepts and Abs-tract Syn-tax,'' Dis-po-ni-b
le en: $\T1/cmtt/m/n/10 http : / / www . w3 . org / TR /$
 []


LaTeX Warning: Citation `SurvSemWeb2012' on page 17 undefined on input line 25.


[17]

LaTeX Warning: Citation `SwarmComp' on page 18 undefined on input line 27.


LaTeX Warning: Citation `rfc3986' on page 18 undefined on input line 29.


LaTeX Warning: Reference `tab:rec' on page 18 undefined on input line 29.


LaTeX Warning: Reference `tab:prop' on page 18 undefined on input line 56.


Overfull \hbox (5.69904pt too wide) in paragraph at lines 63--63
 []|\T1/cmr/bx/n/12 Metadato/Relación| 
 []

LaTeX Font Info:    Font shape `T1/cmtt/bx/it' in size <12> not available
(Font)              Font shape `T1/cmtt/m/it' tried instead on input line 79.

LaTeX Warning: Reference `tab:rec' on page 18 undefined on input line 79.


LaTeX Warning: Reference `tab:prop' on page 18 undefined on input line 79.

[18]

LaTeX Warning: Citation `SurvSemWeb2012' on page 19 undefined on input line 88.



LaTeX Warning: Citation `SemWebTim' on page 19 undefined on input line 88.


LaTeX Warning: Reference `fig:triple' on page 19 undefined on input line 96.

<EjmpTripleta.pdf, id=139, 587.19376pt x 208.78pt>
File: EjmpTripleta.pdf Graphic file (type pdf)
 <use EjmpTripleta.pdf>
Package pdftex.def Info: EjmpTripleta.pdf used on input line 100.
(pdftex.def)             Requested size: 283.22162pt x 100.70065pt.


LaTeX Warning: Reference `tab:asign' on page 19 undefined on input line 105.


LaTeX Warning: Citation `SwarmComp' on page 19 undefined on input line 126.

[19 <C:/Users/Gatito/Desktop/GoogleSVN/tesis_Erik/EjmpTripleta.pdf>]

LaTeX Warning: Reference `fig:ejmrep' on page 20 undefined on input line 128.


LaTeX Warning: Reference `fig:triple' on page 20 undefined on input line 128.

<GrafoRDF.pdf, id=154, 861.2175pt x 581.17125pt>
File: GrafoRDF.pdf Graphic file (type pdf)
 <use GrafoRDF.pdf>
Package pdftex.def Info: GrafoRDF.pdf used on input line 132.
(pdftex.def)             Requested size: 377.62642pt x 254.83821pt.


LaTeX Warning: Reference `fig:triple' on page 20 undefined on input line 137.

[20 <C:/Users/Gatito/Desktop/GoogleSVN/tesis_Erik/GrafoRDF.pdf>]

LaTeX Warning: Citation `SPARQL' on page 21 undefined on input line 158.


LaTeX Warning: Reference `fig:sparql' on page 21 undefined on input line 160.

<FormaSPARQL.pdf, id=169, 402.50375pt x 221.82875pt>
File: FormaSPARQL.pdf Graphic file (type pdf)
 <use FormaSPARQL.pdf>
Package pdftex.def Info: FormaSPARQL.pdf used on input line 164.
(pdftex.def)             Requested size: 283.22162pt x 156.08801pt.


LaTeX Warning: Citation `Gruber' on page 21 undefined on input line 176.


LaTeX Warning: Citation `OntoTecRrpKnw' on page 21 undefined on input line 176.



LaTeX Warning: Citation `Staab' on page 21 undefined on input line 176.

[21 <C:/Users/Gatito/Desktop/GoogleSVN/tesis_Erik/FormaSPARQL.pdf>]

LaTeX Warning: Citation `Gruber' on page 22 undefined on input line 187.


LaTeX Warning: Citation `Markus2012DLprimer' on page 22 undefined on input line
 189.


LaTeX Warning: Citation `protegeManual' on page 22 undefined on input line 189.


LaTeX Font Info:    Try loading font information for OMS+cmr on input line 195.

("C:\Program Files\MiKTeX 2.9\tex\latex\base\omscmr.fd"
File: omscmr.fd 1999/05/25 v2.5h Standard LaTeX font definitions
)
LaTeX Font Info:    Font shape `OMS/cmr/m/n' in size <12> not available
(Font)              Font shape `OMS/cmsy/m/n' tried instead on input line 195.


LaTeX Warning: Citation `Magdalena' on page 22 undefined on input line 200.

[22]

LaTeX Warning: Citation `Gruber' on page 23 undefined on input line 206.


LaTeX Warning: Citation `Magdalena' on page 23 undefined on input line 206.


LaTeX Warning: Citation `YunLin' on page 23 undefined on input line 210.


LaTeX Warning: Citation `protegeManual' on page 23 undefined on input line 210.


[23] [24]
Underfull \hbox (badness 1946) in paragraph at lines 236--236
[][]\T1/cmr/m/n/10 W3C,``OWL 2 Web On-to-logy Lan-gua-ge Pri-mer,'' Dis-po-ni-b
le en: $\T1/cmtt/m/n/10 http : / / www . w3 . org / TR / 2012 /$
 []


LaTeX Warning: Citation `Grau' on page 25 undefined on input line 236.


LaTeX Warning: Citation `Magdalena' on page 25 undefined on input line 236.


LaTeX Warning: Citation `Grau' on page 25 undefined on input line 236.


LaTeX Warning: Reference `fig:combax' on page 25 undefined on input line 236.

<CombAxiom.pdf, id=194, 592.2125pt x 75.28125pt>
File: CombAxiom.pdf Graphic file (type pdf)
 <use CombAxiom.pdf>
Package pdftex.def Info: CombAxiom.pdf used on input line 240.
(pdftex.def)             Requested size: 377.62642pt x 48.00522pt.


LaTeX Warning: Citation `YunLin' on page 25 undefined on input line 248.


LaTeX Warning: Citation `Mishra2011' on page 25 undefined on input line 248.

[25 <C:/Users/Gatito/Desktop/GoogleSVN/tesis_Erik/CombAxiom.pdf>]

LaTeX Warning: Citation `Ontoinra2002' on page 26 undefined on input line 276.


LaTeX Warning: Citation `Namiy' on page 26 undefined on input line 276.


LaTeX Warning: Citation `Norta' on page 26 undefined on input line 276.


Underfull \hbox (badness 10000) in paragraph at lines 276--277

 []


LaTeX Warning: Citation `Ontoinra2002' on page 26 undefined on input line 278.


LaTeX Warning: Citation `LiDing' on page 26 undefined on input line 278.

[26]
Overfull \hbox (7.94305pt too wide) in paragraph at lines 292--293
\T1/cmr/m/n/12 Es-tos son los axio-mas pa-ra de-fi-nir ob-je-tos si-nó-ni-mos: 
\T1/cmr/m/it/12 cla-se equi-va-len-te (\T1/cmr/bx/it/12 owl:equivalentClass\T1/
cmr/m/it/12 )\T1/cmr/m/n/12 ,
 []


LaTeX Warning: Citation `SurvOnto' on page 27 undefined on input line 295.


LaTeX Warning: Citation `Norta' on page 27 undefined on input line 295.

[27]

LaTeX Warning: Reference `fig:otxp' on page 28 undefined on input line 324.

<OntoexmpReaz.pdf, id=215, 1158.3275pt x 223.83624pt>
File: OntoexmpReaz.pdf Graphic file (type pdf)
 <use OntoexmpReaz.pdf>
Package pdftex.def Info: OntoexmpReaz.pdf used on input line 328.
(pdftex.def)             Requested size: 472.0187pt x 105.27818pt.


LaTeX Warning: Reference `fig:csr' on page 28 undefined on input line 333.

<SparqlExmpReaz.pdf, id=216, 401.5pt x 145.54375pt>
File: SparqlExmpReaz.pdf Graphic file (type pdf)
 <use SparqlExmpReaz.pdf>
Package pdftex.def Info: SparqlExmpReaz.pdf used on input line 337.
(pdftex.def)             Requested size: 283.22162pt x 102.67497pt.


LaTeX Warning: Reference `fig:otxp' on page 28 undefined on input line 342.


LaTeX Warning: Reference `fig:otxp' on page 28 undefined on input line 344.


LaTeX Warning: Reference `fig:trinf' on page 28 undefined on input line 344.

<TripletasInferidas.pdf, id=217, 1163.34625pt x 336.25626pt>
File: TripletasInferidas.pdf Graphic file (type pdf)

<use TripletasInferidas.pdf>
Package pdftex.def Info: TripletasInferidas.pdf used on input line 348.
(pdftex.def)             Requested size: 472.04022pt x 142.26309pt.


LaTeX Warning: Reference `fig:csr' on page 28 undefined on input line 353.


LaTeX Warning: Reference `fig:trinf' on page 28 undefined on input line 353.

[28]) (C:\Users\Gatito\Desktop\GoogleSVN\tesis_Erik\estado.tex [29 <C:/Users/Ga
tito/Desktop/GoogleSVN/tesis_Erik/OntoexmpReaz.pdf> <C:/Users/Gatito/Desktop/Go
ogleSVN/tesis_Erik/SparqlExmpReaz.pdf

pdfTeX warning: pdflatex (file C:/Users/Gatito/Desktop/GoogleSVN/tesis_Erik/Spa
rqlExmpReaz.pdf): PDF inclusion: multiple pdfs with page group included in a si
ngle page
> <C:/Users/Gatito/Desktop/GoogleSVN/tesis_Erik/TripletasInferidas.pdf

pdfTeX warning: pdflatex (file C:/Users/Gatito/Desktop/GoogleSVN/tesis_Erik/Tri
pletasInferidas.pdf): PDF inclusion: multiple pdfs with page group included in 
a single page
>] [30

]
Cap\'{\i }tulo 4.

LaTeX Warning: Reference `tab:crit' on page 31 undefined on input line 3.


LaTeX Warning: Reference `sec:intdk' on page 31 undefined on input line 14.


LaTeX Warning: Reference `sec:mecor' on page 31 undefined on input line 16.


LaTeX Warning: Reference `sec:rdf' on page 31 undefined on input line 18.


LaTeX Warning: Reference `sec:reginf' on page 31 undefined on input line 18.


LaTeX Warning: Reference `sec:reginf' on page 31 undefined on input line 20.


LaTeX Warning: Reference `cap:piu' on page 31 undefined on input line 22.


Overfull \hbox (4.8151pt too wide) in paragraph at lines 9--25
 [][] 
 []


LaTeX Warning: Reference `sec:eoaisr' on page 31 undefined on input line 29.

[31]

LaTeX Warning: Reference `sec:eoats' on page 32 undefined on input line 39.


LaTeX Warning: Citation `Archetype' on page 32 undefined on input line 48.


LaTeX Warning: Citation `Accommodation' on page 32 undefined on input line 55.

[32]

LaTeX Warning: Citation `JunZhai' on page 33 undefined on input line 61.


LaTeX Warning: Citation `WangXin' on page 33 undefined on input line 67.


LaTeX Warning: Citation `Behja' on page 33 undefined on input line 73.

[33]

LaTeX Warning: Reference `tab:soasi' on page 34 undefined on input line 78.


Overfull \hbox (6.27086pt too wide) in paragraph at lines 96--96
 []|\T1/cmr/m/n/12 Consistencia| 
 []


LaTeX Warning: Reference `tab:soasi' on page 34 undefined on input line 112.

[34]

LaTeX Warning: Citation `Uren:2006' on page 35 undefined on input line 120.


LaTeX Warning: Citation `OntoBasDoc' on page 35 undefined on input line 126.


LaTeX Warning: Citation `Uren:2006' on page 35 undefined on input line 127.


LaTeX Warning: Citation `Cunningham2011a' on page 35 undefined on input line 12
8.


LaTeX Warning: Citation `Uren:2006' on page 35 undefined on input line 129.

[35]
Underfull \hbox (badness 10000) in paragraph at lines 134--135

 []


LaTeX Warning: Citation `Tode' on page 36 undefined on input line 136.


LaTeX Warning: Citation `protege' on page 36 undefined on input line 139.


LaTeX Warning: Citation `pow' on page 36 undefined on input line 140.


LaTeX Warning: Citation `OntologyManagement' on page 36 undefined on input line
 141.

[36]

LaTeX Warning: Citation `swoop' on page 37 undefined on input line 142.


Underfull \hbox (badness 10000) in paragraph at lines 147--149

 []


LaTeX Warning: Citation `dbpedia_2012' on page 37 undefined on input line 150.


LaTeX Warning: Citation `McBride' on page 37 undefined on input line 155.


LaTeX Warning: Citation `stardog' on page 37 undefined on input line 156.

[37]

LaTeX Warning: Citation `Fstore' on page 38 undefined on input line 157.


LaTeX Warning: Citation `Sesame' on page 38 undefined on input line 158.

) (C:\Users\Gatito\Desktop\GoogleSVN\tesis_Erik\sir.tex [38]
Cap\'{\i }tulo 5.
[39

]

LaTeX Warning: Reference `fig:arq' on page 40 undefined on input line 27.

<Arquitectura.pdf, id=299, 561.09625pt x 582.175pt>
File: Arquitectura.pdf Graphic file (type pdf)
 <use Arquitectura.pdf>
Package pdftex.def Info: Arquitectura.pdf used on input line 32.
(pdftex.def)             Requested size: 283.22162pt x 293.85837pt.

[40]

Package Fancyhdr Warning: \headheight is too small (18.0pt): 
 Make it at least 27.13135pt.
 We now make it that large for the rest of the document.
 This may cause the page layout to be inconsistent, however.

[41 <C:/Users/Gatito/Desktop/GoogleSVN/tesis_Erik/Arquitectura.pdf>]

LaTeX Warning: Reference `fig:mccu' on page 42 undefined on input line 62.

<CasosUsoMC.pdf, id=332, 764.8575pt x 571.13374pt>
File: CasosUsoMC.pdf Graphic file (type pdf)
 <use CasosUsoMC.pdf>
Package pdftex.def Info: CasosUsoMC.pdf used on input line 67.
(pdftex.def)             Requested size: 330.42041pt x 246.73308pt.

[42 <C:/Users/Gatito/Desktop/GoogleSVN/tesis_Erik/CasosUsoMC.pdf>]

LaTeX Warning: Reference `fig:dccc' on page 43 undefined on input line 76.


LaTeX Warning: Reference `fig:dcbrd' on page 43 undefined on input line 82.

) (C:\Users\Gatito\Desktop\GoogleSVN\tesis_Erik\prototipo.tex [43] [44

]
Cap\'{\i }tulo 6.
) (C:\Users\Gatito\Desktop\GoogleSVN\tesis_Erik\evaluacion.tex [45] [46

]
Cap\'{\i }tulo 7.
) (C:\Users\Gatito\Desktop\GoogleSVN\tesis_Erik\conclusiones.tex [47] [48

]
Cap\'{\i }tulo 8.
[49]
Underfull \vbox (badness 10000) has occurred while \output is active []

 [50])
[51] [52

] [53

] [54] (C:\Users\Gatito\Desktop\GoogleSVN\tesis_Erik\appendA.tex
Ap\'{e}ndice A.
) (C:\Users\Gatito\Desktop\GoogleSVN\tesis_Erik\tesis_Erik.bbl [55

] [56

]
[57] [58] [59])

Package longtable Warning: Table widths have changed. Rerun LaTeX.

[60] (C:\Users\Gatito\Desktop\GoogleSVN\tesis_Erik\tesis_Erik.aux)

LaTeX Warning: There were undefined references.


LaTeX Warning: Label(s) may have changed. Rerun to get cross-references right.

 ) 
Here is how much of TeX's memory you used:
 5831 strings out of 493944
 78810 string characters out of 3148281
 164620 words of memory out of 3000000
 8926 multiletter control sequences out of 15000+200000
 25825 words of font info for 63 fonts, out of 3000000 for 9000
 841 hyphenation exceptions out of 8191
 32i,18n,43p,2052b,568s stack positions out of 5000i,500n,10000p,200000b,50000s
{C:/Program Files/MiKTeX 2.9/fonts/enc/dvips/cm-super/cm-super-t1.enc}<C:/Pro
gram Files/MiKTeX 2.9/fonts/type1/public/amsfonts/cm/cmsy10.pfb><C:/Program Fil
es/MiKTeX 2.9/fonts/type1/public/cm-super/sfbi1200.pfb><C:/Program Files/MiKTeX
 2.9/fonts/type1/public/cm-super/sfbx1095.pfb><C:/Program Files/MiKTeX 2.9/font
s/type1/public/cm-super/sfbx1200.pfb><C:/Program Files/MiKTeX 2.9/fonts/type1/p
ublic/cm-super/sfbx1440.pfb><C:/Program Files/MiKTeX 2.9/fonts/type1/public/cm-
super/sfbx1728.pfb><C:/Program Files/MiKTeX 2.9/fonts/type1/public/cm-super/sfb
x2488.pfb><C:/Program Files/MiKTeX 2.9/fonts/type1/public/cm-super/sfcc1200.pfb
><C:/Program Files/MiKTeX 2.9/fonts/type1/public/cm-super/sfcc1440.pfb><C:/Prog
ram Files/MiKTeX 2.9/fonts/type1/public/cm-super/sfit1200.pfb><C:/Program Files
/MiKTeX 2.9/fonts/type1/public/cm-super/sfrm0600.pfb><C:/Program Files/MiKTeX 2
.9/fonts/type1/public/cm-super/sfrm0700.pfb><C:/Program Files/MiKTeX 2.9/fonts/
type1/public/cm-super/sfrm0800.pfb><C:/Program Files/MiKTeX 2.9/fonts/type1/pub
lic/cm-super/sfrm1000.pfb><C:/Program Files/MiKTeX 2.9/fonts/type1/public/cm-su
per/sfrm1095.pfb><C:/Program Files/MiKTeX 2.9/fonts/type1/public/cm-super/sfrm1
200.pfb><C:/Program Files/MiKTeX 2.9/fonts/type1/public/cm-super/sfrm1440.pfb><
C:/Program Files/MiKTeX 2.9/fonts/type1/public/cm-super/sfti1095.pfb><C:/Progra
m Files/MiKTeX 2.9/fonts/type1/public/cm-super/sfti1200.pfb><C:/Program Files/M
iKTeX 2.9/fonts/type1/public/cm-super/sftt1000.pfb><C:/Program Files/MiKTeX 2.9
/fonts/type1/public/cm-super/sftt1200.pfb><C:/Program Files/MiKTeX 2.9/fonts/ty
pe1/public/cm-super/sfxc1200.pfb>
Output written on tesis_Erik.pdf (76 pages, 1100515 bytes).
PDF statistics:
 616 PDF objects out of 1000 (max. 8388607)
 0 named destinations out of 1000 (max. 500000)
 56 words of extra memory for PDF output out of 10000 (max. 10000000)

